#
# A fatal error has been detected by the Java Runtime Environment:
#
#  EXCEPTION_ACCESS_VIOLATION (0xc0000005) at pc=0x000000005919fd12, pid=13492, tid=0x00000000000012e0
#
# JRE version: Java(TM) SE Runtime Environment (8.0_131-b11) (build 1.8.0_131-b11)
# Java VM: Java HotSpot(TM) 64-Bit Server VM (25.131-b11 mixed mode windows-amd64 compressed oops)
# Problematic frame:
# V  [jvm.dll+0xafd12]
#
# Failed to write core dump. Minidumps are not enabled by default on client versions of Windows
#
# If you would like to submit a bug report, please visit:
#   http://bugreport.java.com/bugreport/crash.jsp
#

---------------  T H R E A D  ---------------

Current thread (0x000000000271f000):  GCTaskThread [stack: 0x00000000124d0000,0x00000000125d0000] [id=4832]

siginfo: ExceptionCode=0xc0000005, reading address 0x00000000000000e8

Registers:
RAX=0x0000000000000000, RBX=0x00000000f05ea908, RCX=0x0000000101008fc0, RDX=0x00000000f05ea908
RSP=0x00000000125cf598, RBP=0x00000000125cf760, RSI=0x0000000016375700, RDI=0x0000000016375700
R8 =0x0000000000000000, R9 =0x0000000101008fc0, R10=0x0000000000000008, R11=0x00000000f8a46b78
R12=0x0000000059744ca0, R13=0x0000000000000115, R14=0x0000000000000000, R15=0x000000000271f250
RIP=0x000000005919fd12, EFLAGS=0x0000000000010246

Top of Stack: (sp=0x00000000125cf598)
0x00000000125cf598:   00000000594f0db2 00000000f05ea8f0
0x00000000125cf5a8:   0000000000000003 0000000016375700
0x00000000125cf5b8:   00000000594f0845 00000000f8a3eb88
0x00000000125cf5c8:   0000000000001000 0000000016375700
0x00000000125cf5d8:   00000000592055a0 0000000000000000
0x00000000125cf5e8:   000000000271c300 0000000059744ca0
0x00000000125cf5f8:   00000000594f1120 00000000f8a41970
0x00000000125cf608:   00000000125cf760 0000000016375700
0x00000000125cf618:   0000000016375700 00000000f8a41970
0x00000000125cf628:   00000000594f1cc5 00000000efe68408
0x00000000125cf638:   00000000125cf760 0000000016375700
0x00000000125cf648:   00000000594f4575 0000000032a37a98
0x00000000125cf658:   00000000125cf700 0000000032a379a0
0x00000000125cf668:   000000000000001f 000000002accbe40
0x00000000125cf678:   00000000593065e2 00000000125cf730
0x00000000125cf688:   0000000000000000 00000000125cf730 

Instructions: (pc=0x000000005919fd12)
0x000000005919fcf2:   e2 49 8d 0c 11 49 f7 d1 48 03 c1 49 c1 e9 03 48
0x000000005919fd02:   c1 e8 03 41 23 c1 c3 48 8b 02 48 8b d1 49 8b c9
0x000000005919fd12:   48 ff a0 e8 00 00 00 cc cc cc cc cc cc cc 80 3d
0x000000005919fd22:   8a d6 75 00 00 48 8b c1 74 1b 8b 51 08 8b 0d 73 


Register to memory mapping:

RAX=0x0000000000000000 is an unknown value
RBX=0x00000000f05ea908 is an oop

[error occurred during error reporting (printing register info), id 0xc0000005]

Stack: [0x00000000124d0000,0x00000000125d0000],  sp=0x00000000125cf598,  free space=1021k
Native frames: (J=compiled Java code, j=interpreted, Vv=VM code, C=native code)
V  [jvm.dll+0xafd12]


---------------  P R O C E S S  ---------------

Java Threads: ( => current thread )
  0x00000000225de000 JavaThread "WorkerExecutor Queue Thread 15" [_thread_blocked, id=12332, stack(0x000000003e6c0000,0x000000003e7c0000)]
  0x00000000225dc000 JavaThread "WorkerExecutor Queue Thread 14" [_thread_blocked, id=13304, stack(0x000000003d1a0000,0x000000003d2a0000)]
  0x00000000225d8000 JavaThread "RMI TCP Connection(36)-127.0.0.1" daemon [_thread_in_native, id=10048, stack(0x00000000461c0000,0x00000000462c0000)]
  0x00000000225da800 JavaThread "RMI TCP Connection(39)-127.0.0.1" daemon [_thread_in_native, id=13000, stack(0x0000000045310000,0x0000000045410000)]
  0x000000002b5cf000 JavaThread "WorkerExecutor Queue Thread 13" [_thread_blocked, id=7828, stack(0x000000003f530000,0x000000003f630000)]
  0x000000002b5cd800 JavaThread "ForkJoinPool-10-worker-5" daemon [_thread_blocked, id=6680, stack(0x0000000044f10000,0x0000000045010000)]
  0x000000002b5c4800 JavaThread "ForkJoinPool-10-worker-2" daemon [_thread_blocked, id=8244, stack(0x0000000041fa0000,0x00000000420a0000)]
  0x000000002b5c9800 JavaThread "ForkJoinPool-10-worker-1" daemon [_thread_blocked, id=2820, stack(0x0000000040a80000,0x0000000040b80000)]
  0x000000002b5ca800 JavaThread "WorkerExecutor Queue Thread 12" [_thread_blocked, id=9536, stack(0x000000003d2a0000,0x000000003d3a0000)]
  0x000000002b5c8000 JavaThread "ForkJoinPool.commonPool-worker-3" daemon [_thread_blocked, id=11132, stack(0x00000000404f0000,0x00000000405f0000)]
  0x000000002b5c5000 JavaThread "ForkJoinPool.commonPool-worker-2" daemon [_thread_blocked, id=2828, stack(0x000000003f630000,0x000000003f730000)]
  0x000000002b5c2000 JavaThread "Exec process Thread 12" [_thread_blocked, id=904, stack(0x0000000045610000,0x0000000045710000)]
  0x000000002b5c6800 JavaThread "Exec process Thread 11" [_thread_blocked, id=7280, stack(0x0000000045510000,0x0000000045610000)]
  0x000000002b5c6000 JavaThread "Exec process Thread 10" [_thread_blocked, id=3824, stack(0x0000000045410000,0x0000000045510000)]
  0x000000002b5c1800 JavaThread "Exec process Thread 9" [_thread_blocked, id=11656, stack(0x0000000045210000,0x0000000045310000)]
  0x00000000225d6000 JavaThread "WorkerExecutor Queue Thread 10" [_thread_blocked, id=8164, stack(0x000000003cea0000,0x000000003cfa0000)]
  0x00000000225d6800 JavaThread "WorkerExecutor Queue Thread 9" [_thread_blocked, id=11528, stack(0x000000003b420000,0x000000003b520000)]
  0x00000000225d5000 JavaThread "RMI TCP Connection(32)-127.0.0.1" daemon [_thread_in_native, id=5420, stack(0x000000003f9f0000,0x000000003faf0000)]
  0x0000000028bd1800 JavaThread "RMI TCP Connection(29)-127.0.0.1" daemon [_thread_in_native, id=13068, stack(0x00000000407f0000,0x00000000408f0000)]
  0x00000000199d6000 JavaThread "ForkJoinPool.commonPool-worker-4" daemon [_thread_blocked, id=9948, stack(0x000000003f230000,0x000000003f330000)]
  0x000000001fe5e800 JavaThread "Cache worker for Java compile cache (D:\02.AndroidStudy\00.UploadGithub\ktBaseLibrary\.gradle\5.6.4\javaCompile)" [_thread_blocked, id=14220, stack(0x000000003ecc0000,0x000000003edc0000)]
  0x0000000019026800 JavaThread "RMI TCP Connection(idle)" daemon [_thread_blocked, id=12128, stack(0x000000003ebc0000,0x000000003ecc0000)]
  0x0000000019023800 JavaThread "RMI TCP Connection(37)-127.0.0.1" daemon [_thread_in_native, id=4372, stack(0x000000003eac0000,0x000000003ebc0000)]
  0x000000001a2c4800 JavaThread "RMI TCP Connection(33)-127.0.0.1" daemon [_thread_in_native, id=11176, stack(0x000000003e9c0000,0x000000003eac0000)]
  0x000000001a2c4000 JavaThread "RMI TCP Connection(38)-127.0.0.1" daemon [_thread_in_native, id=6316, stack(0x000000003e8c0000,0x000000003e9c0000)]
  0x000000001a2c3000 JavaThread "RMI TCP Accept-0" daemon [_thread_in_native, id=13516, stack(0x000000003e7c0000,0x000000003e8c0000)]
  0x000000001a408000 JavaThread "stdout" [_thread_in_native, id=9144, stack(0x000000003e3c0000,0x000000003e4c0000)]
  0x000000001a40c000 JavaThread "stderr" [_thread_in_native, id=13696, stack(0x000000003e2c0000,0x000000003e3c0000)]
  0x000000001a407800 JavaThread "stdout" [_thread_in_native, id=6552, stack(0x000000003e1c0000,0x000000003e2c0000)]
  0x000000001a406000 JavaThread "stderr" [_thread_in_native, id=14184, stack(0x000000003e0c0000,0x000000003e1c0000)]
  0x000000001a40a800 JavaThread "stdout" [_thread_in_native, id=4576, stack(0x000000003dfc0000,0x000000003e0c0000)]
  0x000000002bd18000 JavaThread "stderr" [_thread_in_native, id=11688, stack(0x000000003d5a0000,0x000000003d6a0000)]
  0x000000002bd13800 JavaThread "stdout" [_thread_in_native, id=2008, stack(0x000000003dec0000,0x000000003dfc0000)]
  0x000000002bd0d800 JavaThread "stderr" [_thread_in_native, id=7456, stack(0x000000003ddc0000,0x000000003dec0000)]
  0x000000002bd12000 JavaThread "stdout" [_thread_in_native, id=10852, stack(0x000000003dcc0000,0x000000003ddc0000)]
  0x000000002bd11000 JavaThread "stderr" [_thread_in_native, id=940, stack(0x000000003d700000,0x000000003d800000)]
  0x0000000028bd4800 JavaThread "stdout" [_thread_in_native, id=9612, stack(0x000000003a430000,0x000000003a530000)]
  0x00000000199de000 JavaThread "stderr" [_thread_in_native, id=8696, stack(0x0000000038f00000,0x0000000039000000)]
  0x00000000199e1000 JavaThread "pool-17-thread-1" [_thread_blocked, id=4856, stack(0x000000002ee60000,0x000000002ef60000)]
  0x00000000199da800 JavaThread "Cache worker for execution history cache (D:\02.AndroidStudy\00.UploadGithub\ktBaseLibrary\.gradle\5.6.4\executionHistory)" [_thread_blocked, id=13140, stack(0x000000002eb60000,0x000000002ec60000)]
  0x00000000199dd000 JavaThread "Execution worker for ':' Thread 5" [_thread_blocked, id=14252, stack(0x000000002dfc0000,0x000000002e0c0000)]
  0x00000000199df800 JavaThread "Execution worker for ':' Thread 4" [_thread_blocked, id=1820, stack(0x000000002d600000,0x000000002d700000)]
  0x00000000199dc000 JavaThread "Execution worker for ':' Thread 3" [_thread_blocked, id=9900, stack(0x000000002d400000,0x000000002d500000)]
  0x00000000199da000 JavaThread "Execution worker for ':' Thread 2" [_thread_blocked, id=11772, stack(0x000000002d100000,0x000000002d200000)]
  0x00000000199d4800 JavaThread "Execution worker for ':'" [_thread_blocked, id=12372, stack(0x000000002cd00000,0x000000002ce00000)]
  0x00000000199d2800 JavaThread "Cache worker for file content cache (D:\02.AndroidStudy\00.UploadGithub\ktBaseLibrary\.gradle\5.6.4\fileContent)" [_thread_blocked, id=8380, stack(0x0000000028830000,0x0000000028930000)]
  0x000000001901c800 JavaThread "Cache worker for Build Output Cleanup Cache (D:\02.AndroidStudy\00.UploadGithub\ktBaseLibrary\.gradle\buildOutputCleanup)" [_thread_blocked, id=12388, stack(0x0000000027a30000,0x0000000027b30000)]
  0x0000000019022000 JavaThread "Build operations Thread 6" [_thread_blocked, id=10200, stack(0x0000000026e20000,0x0000000026f20000)]
  0x0000000019021000 JavaThread "Build operations Thread 5" [_thread_blocked, id=7436, stack(0x0000000025f90000,0x0000000026090000)]
  0x0000000019020800 JavaThread "Build operations Thread 4" [_thread_blocked, id=14440, stack(0x0000000023840000,0x0000000023940000)]
  0x0000000019019000 JavaThread "Build operations Thread 3" [_thread_blocked, id=8780, stack(0x0000000021f70000,0x0000000022070000)]
  0x0000000019018000 JavaThread "Build operations Thread 2" [_thread_blocked, id=11128, stack(0x0000000021e70000,0x0000000021f70000)]
  0x000000001901f000 JavaThread "Build operations" [_thread_blocked, id=15288, stack(0x0000000021d70000,0x0000000021e70000)]
  0x000000001901c000 JavaThread "Cache worker for cache directory md-rule (C:\Users\tongs\.gradle\caches\5.6.4\md-rule)" [_thread_blocked, id=9280, stack(0x0000000021c70000,0x0000000021d70000)]
  0x000000001901b000 JavaThread "Cache worker for cache directory md-supplier (C:\Users\tongs\.gradle\caches\5.6.4\md-supplier)" [_thread_blocked, id=12212, stack(0x0000000021b70000,0x0000000021c70000)]
  0x000000001901e000 JavaThread "Cache worker for file hash cache (D:\02.AndroidStudy\00.UploadGithub\ktBaseLibrary\.gradle\5.6.4\fileHashes)" [_thread_blocked, id=3228, stack(0x000000001fee0000,0x000000001ffe0000)]
  0x0000000019019800 JavaThread "Thread-168" [_thread_blocked, id=12252, stack(0x000000001ec20000,0x000000001ed20000)]
  0x000000001fe69800 JavaThread "Stdin handler" [_thread_blocked, id=14724, stack(0x000000001eb20000,0x000000001ec20000)]
  0x000000001fe61800 JavaThread "Asynchronous log dispatcher for DefaultDaemonConnection: socket connection from /127.0.0.1:64345 to /127.0.0.1:65459" [_thread_blocked, id=8860, stack(0x000000001e620000,0x000000001e720000)]
  0x000000001fe60800 JavaThread "Daemon worker Thread 2" [_thread_blocked, id=1048, stack(0x000000001bd80000,0x000000001be80000)]
  0x000000001fe66800 JavaThread "Cancel handler" [_thread_blocked, id=3104, stack(0x000000001ba80000,0x000000001bb80000)]
  0x000000001fe65000 JavaThread "Handler for socket connection from /127.0.0.1:64345 to /127.0.0.1:65459" [_thread_in_native, id=14484, stack(0x000000001b580000,0x000000001b680000)]
  0x000000001fe64800 JavaThread "Daemon Thread 2" [_thread_blocked, id=11908, stack(0x00000000007d0000,0x00000000008d0000)]
  0x000000001a2bf000 JavaThread "Cache worker for Java compile cache (C:\Users\tongs\.gradle\caches\5.6.4\javaCompile)" [_thread_blocked, id=14644, stack(0x000000002d500000,0x000000002d600000)]
  0x000000001a2b9000 JavaThread "RMI Reaper" [_thread_blocked, id=14156, stack(0x000000002d000000,0x000000002d100000)]
  0x000000001a2b8800 JavaThread "RMI TCP Accept-0" daemon [_thread_in_native, id=1040, stack(0x000000002cf00000,0x000000002d000000)]
  0x000000001901d800 JavaThread "GC Daemon" daemon [_thread_blocked, id=8352, stack(0x000000002ce00000,0x000000002cf00000)]
  0x000000001fe6b000 JavaThread "RMI Scheduler(0)" daemon [_thread_blocked, id=14972, stack(0x0000000027b30000,0x0000000027c30000)]
  0x000000001a386000 JavaThread "Java2D Disposer" daemon [_thread_blocked, id=2524, stack(0x0000000027420000,0x0000000027520000)]
  0x0000000019025800 JavaThread "Cache worker for file content cache (C:\Users\tongs\.gradle\caches\5.6.4\fileContent)" [_thread_blocked, id=7712, stack(0x0000000026520000,0x0000000026620000)]
  0x000000001a40b800 JavaThread "Memory manager" [_thread_blocked, id=15052, stack(0x0000000024100000,0x0000000024200000)]
  0x000000001a386800 JavaThread "Cache worker for execution history cache (C:\Users\tongs\.gradle\caches\5.6.4\executionHistory)" [_thread_blocked, id=7940, stack(0x000000001ed20000,0x000000001ee20000)]
  0x000000001a380800 JavaThread "Cache worker for journal cache (C:\Users\tongs\.gradle\caches\journal-1)" [_thread_blocked, id=4868, stack(0x000000001c180000,0x000000001c280000)]
  0x000000001a381800 JavaThread "File lock request listener" [_thread_in_native, id=14900, stack(0x000000001c080000,0x000000001c180000)]
  0x000000001a383800 JavaThread "Cache worker for file hash cache (C:\Users\tongs\.gradle\caches\5.6.4\fileHashes)" [_thread_blocked, id=9380, stack(0x000000001be80000,0x000000001bf80000)]
  0x000000001a087000 JavaThread "Daemon periodic checks" [_thread_blocked, id=2004, stack(0x000000001b480000,0x000000001b580000)]
  0x000000001a082800 JavaThread "Incoming local TCP Connector on port 64345" [_thread_in_native, id=13940, stack(0x000000001b2d0000,0x000000001b3d0000)]
  0x0000000019fdd800 JavaThread "Daemon health stats" [_thread_blocked, id=4944, stack(0x000000001afd0000,0x000000001b0d0000)]
  0x0000000017dfb000 JavaThread "Service Thread" daemon [_thread_blocked, id=7508, stack(0x0000000018630000,0x0000000018730000)]
  0x0000000017d80800 JavaThread "C1 CompilerThread2" daemon [_thread_blocked, id=10544, stack(0x0000000018530000,0x0000000018630000)]
  0x0000000017d7f000 JavaThread "C2 CompilerThread1" daemon [_thread_in_native, id=9292, stack(0x0000000018430000,0x0000000018530000)]
  0x00000000163ce000 JavaThread "C2 CompilerThread0" daemon [_thread_in_native, id=7832, stack(0x0000000018330000,0x0000000018430000)]
  0x00000000163c1000 JavaThread "Attach Listener" daemon [_thread_blocked, id=2440, stack(0x0000000018230000,0x0000000018330000)]
  0x0000000017d7b800 JavaThread "Signal Dispatcher" daemon [_thread_blocked, id=12116, stack(0x0000000018130000,0x0000000018230000)]
  0x000000001639c800 JavaThread "Finalizer" daemon [_thread_blocked, id=1804, stack(0x0000000017c30000,0x0000000017d30000)]
  0x00000000027f2800 JavaThread "Reference Handler" daemon [_thread_blocked, id=240, stack(0x0000000017b30000,0x0000000017c30000)]
  0x00000000025fe000 JavaThread "main" [_thread_blocked, id=14424, stack(0x0000000002600000,0x0000000002700000)]

Other Threads:
  0x0000000016378000 VMThread [stack: 0x0000000017a30000,0x0000000017b30000] [id=10988]
  0x0000000017e3c800 WatcherThread [stack: 0x0000000018730000,0x0000000018830000] [id=9004]

=>0x000000000271f000 (exited) GCTaskThread [stack: 0x00000000124d0000,0x00000000125d0000] [id=4832]

VM state:at safepoint (normal execution)

VM Mutex/Monitor currently owned by a thread:  ([mutex/lock_event])
[0x00000000025fccf0] Threads_lock - owner thread: 0x0000000016378000
[0x00000000025fd770] Heap_lock - owner thread: 0x00000000199dd000

Heap:
 PSYoungGen      total 383488K, used 293465K [0x00000000e0000000, 0x00000000ff080000, 0x0000000100000000)
  eden space 257024K, 100% used [0x00000000e0000000,0x00000000efb00000,0x00000000efb00000)
  from space 126464K, 28% used [0x00000000efb00000,0x00000000f1e96748,0x00000000f7680000)
  to   space 117760K, 40% used [0x00000000f7d80000,0x00000000fabde010,0x00000000ff080000)
 ParOldGen       total 497152K, used 449386K [0x00000000a0000000, 0x00000000be580000, 0x00000000e0000000)
  object space 497152K, 90% used [0x00000000a0000000,0x00000000bb6da880,0x00000000be580000)
 Metaspace       used 323144K, capacity 339260K, committed 339300K, reserved 1345536K
  class space    used 40789K, capacity 44120K, committed 44132K, reserved 1048576K

Card table byte_map: [0x0000000011bc0000,0x0000000011ed0000] byte_map_base: 0x00000000116c0000

Marking Bits: (ParMarkBitMap*) 0x000000005990c720
 Begin Bits: [0x00000000126d0000, 0x0000000013ed0000)
 End Bits:   [0x0000000013ed0000, 0x00000000156d0000)

Polling page: 0x0000000000ae0000

CodeCache: size=245760Kb used=166098Kb max_used=166098Kb free=79661Kb
 bounds [0x0000000002800000, 0x000000000cb30000, 0x0000000011800000]
 total_blobs=52540 nmethods=51387 adapters=1059
 compilation: enabled

Compilation events (10 events):
Event: 627.242 Thread 0x0000000017d80800 67103       2       org.jetbrains.kotlin.asJava.elements.KtLightMethodImpl::getTypeParameterList (5 bytes)
Event: 627.242 Thread 0x0000000017d80800 nmethod 67103 0x000000000cb1e2d0 code [0x000000000cb1e440, 0x000000000cb1e648]
Event: 627.243 Thread 0x0000000017d80800 67104       2       com.android.tools.lint.client.api.UElementVisitor$DelegatingPsiVisitor::visitMethodCallExpression (105 bytes)
Event: 627.243 Thread 0x0000000017d80800 nmethod 67104 0x000000000cb1e7d0 code [0x000000000cb1e9a0, 0x000000000cb1ed68]
Event: 627.243 Thread 0x0000000017d80800 67105       2       com.android.tools.lint.checks.IconDetector$NotificationFinder::visitCallExpression (13 bytes)
Event: 627.243 Thread 0x0000000017d80800 nmethod 67105 0x000000000cb1f050 code [0x000000000cb1f1c0, 0x000000000cb1f358]
Event: 627.243 Thread 0x0000000017d80800 67106       2       com.android.tools.lint.checks.WebViewApiAvailabilityDetector$Handler::visitCallExpression (223 bytes)
Event: 627.244 Thread 0x0000000017d80800 nmethod 67106 0x000000000cb1f410 code [0x000000000cb1f760, 0x000000000cb20458]
Event: 627.245 Thread 0x0000000017d80800 67108       2       org.jetbrains.kotlin.codegen.state.GenerationState::getDiagnostics (8 bytes)
Event: 627.245 Thread 0x0000000017d80800 nmethod 67108 0x000000000cb213d0 code [0x000000000cb21520, 0x000000000cb21670]

GC Heap History (10 events):
Event: 615.973 GC heap after
Heap after GC invocations=110 (full 7):
 PSYoungGen      total 357376K, used 66344K [0x00000000e0000000, 0x00000000ffb00000, 0x0000000100000000)
  eden space 215040K, 0% used [0x00000000e0000000,0x00000000e0000000,0x00000000ed200000)
  from space 142336K, 46% used [0x00000000ed200000,0x00000000f12ca368,0x00000000f5d00000)
  to   space 140800K, 0% used [0x00000000f7180000,0x00000000f7180000,0x00000000ffb00000)
 ParOldGen       total 497152K, used 448034K [0x00000000a0000000, 0x00000000be580000, 0x00000000e0000000)
  object space 497152K, 90% used [0x00000000a0000000,0x00000000bb588a78,0x00000000be580000)
 Metaspace       used 317264K, capacity 332602K, committed 332900K, reserved 1339392K
  class space    used 40157K, capacity 43305K, committed 43364K, reserved 1048576K
}
Event: 616.573 GC heap before
{Heap before GC invocations=111 (full 7):
 PSYoungGen      total 357376K, used 280651K [0x00000000e0000000, 0x00000000ffb00000, 0x0000000100000000)
  eden space 215040K, 99% used [0x00000000e0000000,0x00000000ed148ae8,0x00000000ed200000)
  from space 142336K, 46% used [0x00000000ed200000,0x00000000f12ca368,0x00000000f5d00000)
  to   space 140800K, 0% used [0x00000000f7180000,0x00000000f7180000,0x00000000ffb00000)
 ParOldGen       total 497152K, used 448034K [0x00000000a0000000, 0x00000000be580000, 0x00000000e0000000)
  object space 497152K, 90% used [0x00000000a0000000,0x00000000bb588a78,0x00000000be580000)
 Metaspace       used 317633K, capacity 333018K, committed 333284K, reserved 1339392K
  class space    used 40221K, capacity 43379K, committed 43492K, reserved 1048576K
Event: 616.581 GC heap after
Heap after GC invocations=111 (full 7):
 PSYoungGen      total 374272K, used 16763K [0x00000000e0000000, 0x00000000ff480000, 0x0000000100000000)
  eden space 240128K, 0% used [0x00000000e0000000,0x00000000e0000000,0x00000000eea80000)
  from space 134144K, 12% used [0x00000000f7180000,0x00000000f81decd8,0x00000000ff480000)
  to   space 136192K, 0% used [0x00000000eea80000,0x00000000eea80000,0x00000000f6f80000)
 ParOldGen       total 497152K, used 448338K [0x00000000a0000000, 0x00000000be580000, 0x00000000e0000000)
  object space 497152K, 90% used [0x00000000a0000000,0x00000000bb5d4ab8,0x00000000be580000)
 Metaspace       used 317633K, capacity 333018K, committed 333284K, reserved 1339392K
  class space    used 40221K, capacity 43379K, committed 43492K, reserved 1048576K
}
Event: 619.148 GC heap before
{Heap before GC invocations=112 (full 7):
 PSYoungGen      total 374272K, used 256891K [0x00000000e0000000, 0x00000000ff480000, 0x0000000100000000)
  eden space 240128K, 100% used [0x00000000e0000000,0x00000000eea80000,0x00000000eea80000)
  from space 134144K, 12% used [0x00000000f7180000,0x00000000f81decd8,0x00000000ff480000)
  to   space 136192K, 0% used [0x00000000eea80000,0x00000000eea80000,0x00000000f6f80000)
 ParOldGen       total 497152K, used 448338K [0x00000000a0000000, 0x00000000be580000, 0x00000000e0000000)
  object space 497152K, 90% used [0x00000000a0000000,0x00000000bb5d4ab8,0x00000000be580000)
 Metaspace       used 318426K, capacity 333890K, committed 334180K, reserved 1339392K
  class space    used 40324K, capacity 43501K, committed 43620K, reserved 1048576K
Event: 619.157 GC heap after
Heap after GC invocations=112 (full 7):
 PSYoungGen      total 376320K, used 19087K [0x00000000e0000000, 0x00000000ff800000, 0x0000000100000000)
  eden space 240128K, 0% used [0x00000000e0000000,0x00000000e0000000,0x00000000eea80000)
  from space 136192K, 14% used [0x00000000eea80000,0x00000000efd23d60,0x00000000f6f80000)
  to   space 131072K, 0% used [0x00000000f7800000,0x00000000f7800000,0x00000000ff800000)
 ParOldGen       total 497152K, used 448602K [0x00000000a0000000, 0x00000000be580000, 0x00000000e0000000)
  object space 497152K, 90% used [0x00000000a0000000,0x00000000bb616b38,0x00000000be580000)
 Metaspace       used 318426K, capacity 333890K, committed 334180K, reserved 1339392K
  class space    used 40324K, capacity 43501K, committed 43620K, reserved 1048576K
}
Event: 622.123 GC heap before
{Heap before GC invocations=113 (full 7):
 PSYoungGen      total 376320K, used 259215K [0x00000000e0000000, 0x00000000ff800000, 0x0000000100000000)
  eden space 240128K, 100% used [0x00000000e0000000,0x00000000eea80000,0x00000000eea80000)
  from space 136192K, 14% used [0x00000000eea80000,0x00000000efd23d60,0x00000000f6f80000)
  to   space 131072K, 0% used [0x00000000f7800000,0x00000000f7800000,0x00000000ff800000)
 ParOldGen       total 497152K, used 448602K [0x00000000a0000000, 0x00000000be580000, 0x00000000e0000000)
  object space 497152K, 90% used [0x00000000a0000000,0x00000000bb616b38,0x00000000be580000)
 Metaspace       used 320928K, capacity 336838K, committed 336996K, reserved 1343488K
  class space    used 40526K, capacity 43784K, committed 43876K, reserved 1048576K
Event: 622.139 GC heap after
Heap after GC invocations=113 (full 7):
 PSYoungGen      total 381952K, used 14599K [0x00000000e0000000, 0x00000000ff200000, 0x0000000100000000)
  eden space 257024K, 0% used [0x00000000e0000000,0x00000000e0000000,0x00000000efb00000)
  from space 124928K, 11% used [0x00000000f7800000,0x00000000f8641d40,0x00000000ff200000)
  to   space 126464K, 0% used [0x00000000efb00000,0x00000000efb00000,0x00000000f7680000)
 ParOldGen       total 497152K, used 449386K [0x00000000a0000000, 0x00000000be580000, 0x00000000e0000000)
  object space 497152K, 90% used [0x00000000a0000000,0x00000000bb6da880,0x00000000be580000)
 Metaspace       used 320928K, capacity 336838K, committed 336996K, reserved 1343488K
  class space    used 40526K, capacity 43784K, committed 43876K, reserved 1048576K
}
Event: 625.830 GC heap before
{Heap before GC invocations=114 (full 7):
 PSYoungGen      total 381952K, used 271623K [0x00000000e0000000, 0x00000000ff200000, 0x0000000100000000)
  eden space 257024K, 100% used [0x00000000e0000000,0x00000000efb00000,0x00000000efb00000)
  from space 124928K, 11% used [0x00000000f7800000,0x00000000f8641d40,0x00000000ff200000)
  to   space 126464K, 0% used [0x00000000efb00000,0x00000000efb00000,0x00000000f7680000)
 ParOldGen       total 497152K, used 449386K [0x00000000a0000000, 0x00000000be580000, 0x00000000e0000000)
  object space 497152K, 90% used [0x00000000a0000000,0x00000000bb6da880,0x00000000be580000)
 Metaspace       used 321532K, capacity 337626K, committed 337892K, reserved 1343488K
  class space    used 40580K, capacity 43905K, committed 44004K, reserved 1048576K
Event: 625.858 GC heap after
Heap after GC invocations=114 (full 7):
 PSYoungGen      total 383488K, used 36441K [0x00000000e0000000, 0x00000000ff080000, 0x0000000100000000)
  eden space 257024K, 0% used [0x00000000e0000000,0x00000000e0000000,0x00000000efb00000)
  from space 126464K, 28% used [0x00000000efb00000,0x00000000f1e96748,0x00000000f7680000)
  to   space 117760K, 0% used [0x00000000f7d80000,0x00000000f7d80000,0x00000000ff080000)
 ParOldGen       total 497152K, used 449386K [0x00000000a0000000, 0x00000000be580000, 0x00000000e0000000)
  object space 497152K, 90% used [0x00000000a0000000,0x00000000bb6da880,0x00000000be580000)
 Metaspace       used 321532K, capacity 337626K, committed 337892K, reserved 1343488K
  class space    used 40580K, capacity 43905K, committed 44004K, reserved 1048576K
}
Event: 627.370 GC heap before
{Heap before GC invocations=115 (full 7):
 PSYoungGen      total 383488K, used 293465K [0x00000000e0000000, 0x00000000ff080000, 0x0000000100000000)
  eden space 257024K, 100% used [0x00000000e0000000,0x00000000efb00000,0x00000000efb00000)
  from space 126464K, 28% used [0x00000000efb00000,0x00000000f1e96748,0x00000000f7680000)
  to   space 117760K, 0% used [0x00000000f7d80000,0x00000000f7d80000,0x00000000ff080000)
 ParOldGen       total 497152K, used 449386K [0x00000000a0000000, 0x00000000be580000, 0x00000000e0000000)
  object space 497152K, 90% used [0x00000000a0000000,0x00000000bb6da880,0x00000000be580000)
 Metaspace       used 323144K, capacity 339260K, committed 339300K, reserved 1345536K
  class space    used 40789K, capacity 44120K, committed 44132K, reserved 1048576K

Deoptimization events (10 events):
Event: 627.032 Thread 0x00000000199dd000 Uncommon trap: reason=class_check action=maybe_recompile pc=0x000000000c5a06f4 method=com.intellij.psi.impl.compiled.ClsJavaCodeReferenceElementImpl.advancedResolveImpl(Lcom/intellij/psi/PsiFile;)Lcom/intellij/psi/JavaResolveResult; @ 93
Event: 627.035 Thread 0x00000000199dd000 Uncommon trap: reason=class_check action=maybe_recompile pc=0x000000000c5a06f4 method=com.intellij.psi.impl.compiled.ClsJavaCodeReferenceElementImpl.advancedResolveImpl(Lcom/intellij/psi/PsiFile;)Lcom/intellij/psi/JavaResolveResult; @ 93
Event: 627.054 Thread 0x00000000199dd000 Uncommon trap: reason=class_check action=maybe_recompile pc=0x000000000c5a06f4 method=com.intellij.psi.impl.compiled.ClsJavaCodeReferenceElementImpl.advancedResolveImpl(Lcom/intellij/psi/PsiFile;)Lcom/intellij/psi/JavaResolveResult; @ 93
Event: 627.055 Thread 0x00000000199dd000 Uncommon trap: reason=class_check action=maybe_recompile pc=0x000000000c6345e4 method=com.intellij.psi.impl.compiled.ClsJavaCodeReferenceElementImpl.advancedResolveImpl(Lcom/intellij/psi/PsiFile;)Lcom/intellij/psi/JavaResolveResult; @ 93
Event: 627.056 Thread 0x00000000199dd000 Uncommon trap: reason=unstable_if action=reinterpret pc=0x000000000c5c77ac method=com.intellij.psi.util.PsiUtil.typeParametersIterable(Lcom/intellij/psi/PsiTypeParameterListOwner;)Ljava/lang/Iterable; @ 30
Event: 627.086 Thread 0x00000000199dd000 Uncommon trap: reason=class_check action=maybe_recompile pc=0x000000000b3a2074 method=com.android.utils.XmlUtils.getFirstSubTag(Lorg/w3c/dom/Node;)Lorg/w3c/dom/Element; @ 7
Event: 627.087 Thread 0x00000000199dd000 Uncommon trap: reason=class_check action=maybe_recompile pc=0x0000000005c221bc method=com.android.utils.XmlUtils.getNextTag(Lorg/w3c/dom/Node;)Lorg/w3c/dom/Element; @ 7
Event: 627.087 Thread 0x00000000199dd000 Uncommon trap: reason=bimorphic action=maybe_recompile pc=0x000000000935a29c method=org.apache.xerces.dom.ElementImpl.getNodeName()Ljava/lang/String; @ 8
Event: 627.102 Thread 0x00000000199dd000 Uncommon trap: reason=unstable_if action=reinterpret pc=0x000000000c376b0c method=com.intellij.openapi.util.text.StringUtil.isJavaIdentifierPart(C)Z @ 33
Event: 627.102 Thread 0x00000000199dd000 Uncommon trap: reason=unstable_if action=reinterpret pc=0x000000000bfefb9c method=com.intellij.openapi.util.text.StringUtil.isJavaIdentifierPart(C)Z @ 33

Internal exceptions (10 events):
Event: 624.773 Thread 0x00000000199d4800 Exception <a 'sun/nio/fs/WindowsException'> (0x00000000e53f4668) thrown at [C:\re\workspace\8-2-build-windows-amd64-cygwin\jdk8u131\8869\hotspot\src\share\vm\prims\jni.cpp, line 709]
Event: 624.773 Thread 0x00000000199d4800 Exception <a 'sun/nio/fs/WindowsException'> (0x00000000e53f53c8) thrown at [C:\re\workspace\8-2-build-windows-amd64-cygwin\jdk8u131\8869\hotspot\src\share\vm\prims\jni.cpp, line 709]
Event: 624.940 Thread 0x00000000199dd000 Exception <a 'sun/nio/fs/WindowsException'> (0x00000000e6538360) thrown at [C:\re\workspace\8-2-build-windows-amd64-cygwin\jdk8u131\8869\hotspot\src\share\vm\prims\jni.cpp, line 709]
Event: 624.947 Thread 0x00000000199dd000 Exception <a 'sun/nio/fs/WindowsException'> (0x00000000e6670ec0) thrown at [C:\re\workspace\8-2-build-windows-amd64-cygwin\jdk8u131\8869\hotspot\src\share\vm\prims\jni.cpp, line 709]
Event: 624.948 Thread 0x00000000199dd000 Exception <a 'sun/nio/fs/WindowsException'> (0x00000000e6671b78) thrown at [C:\re\workspace\8-2-build-windows-amd64-cygwin\jdk8u131\8869\hotspot\src\share\vm\prims\jni.cpp, line 709]
Event: 624.951 Thread 0x00000000199dd000 Exception <a 'java/lang/NoSuchMethodError': java.lang.Object.lambda$of$a04ddf17$1(Ljava/lang/Object;)Ljava/lang/Object;> (0x00000000e66d0490) thrown at [C:\re\workspace\8-2-build-windows-amd64-cygwin\jdk8u131\8869\hotspot\src\share\vm\interpreter\linkReso
Event: 625.353 Thread 0x00000000199dd000 Implicit null exception at 0x000000000c946cb3 to 0x000000000c9490f5
Event: 625.958 Thread 0x00000000199dd000 Exception <a 'java/lang/NoSuchMethodError': java.lang.Object.lambda$static$0(I)[Lcom/intellij/psi/PsiJavaCodeReferenceElement;> (0x00000000e0bdfeb0) thrown at [C:\re\workspace\8-2-build-windows-amd64-cygwin\jdk8u131\8869\hotspot\src\share\vm\interpreter\l
Event: 625.964 Thread 0x00000000199dd000 Exception <a 'java/lang/NoSuchMethodError': java.lang.Object.lambda$static$0(I)[Lcom/intellij/psi/PsiImportStatementBase;> (0x00000000e0c27a68) thrown at [C:\re\workspace\8-2-build-windows-amd64-cygwin\jdk8u131\8869\hotspot\src\share\vm\interpreter\linkRe
Event: 626.399 Thread 0x00000000199dd000 Implicit null exception at 0x00000000086c371b to 0x00000000086c695d

Events (10 events):
Event: 627.199 loading class org/jetbrains/uast/kotlin/KotlinUForEachExpression$iteratedValue$2 done
Event: 627.200 loading class org/jetbrains/uast/kotlin/KotlinUForEachExpression$body$2
Event: 627.200 loading class org/jetbrains/uast/kotlin/KotlinUForEachExpression$body$2 done
Event: 627.200 loading class org/jetbrains/uast/kotlin/KotlinUForEachExpression$variable$2
Event: 627.200 loading class org/jetbrains/uast/kotlin/KotlinUForEachExpression$variable$2 done
Event: 627.200 loading class org/jetbrains/uast/UForEachExpression$DefaultImpls
Event: 627.200 loading class org/jetbrains/uast/UForEachExpression$DefaultImpls done
Event: 627.214 loading class com/android/tools/lint/checks/ApiDetector$Companion$getTargetApi$1
Event: 627.214 loading class com/android/tools/lint/checks/ApiDetector$Companion$getTargetApi$1 done
Event: 627.369 Executing VM operation: ParallelGCFailedAllocation


Dynamic libraries:
0x00007ff79f850000 - 0x00007ff79f887000 	C:\A_MySoft\04_Java\jdk1.8.0_131\bin\java.exe
0x00007ff8843c0000 - 0x00007ff8845b0000 	C:\WINDOWS\SYSTEM32\ntdll.dll
0x00007ff882c70000 - 0x00007ff882d22000 	C:\WINDOWS\System32\KERNEL32.DLL
0x00007ff881350000 - 0x00007ff8815f3000 	C:\WINDOWS\System32\KERNELBASE.dll
0x00007ff884090000 - 0x00007ff884133000 	C:\WINDOWS\System32\ADVAPI32.dll
0x00007ff883500000 - 0x00007ff88359e000 	C:\WINDOWS\System32\msvcrt.dll
0x00007ff8837c0000 - 0x00007ff883857000 	C:\WINDOWS\System32\sechost.dll
0x00007ff883690000 - 0x00007ff8837b0000 	C:\WINDOWS\System32\RPCRT4.dll
0x00007ff884170000 - 0x00007ff884304000 	C:\WINDOWS\System32\USER32.dll
0x00007ff881680000 - 0x00007ff8816a1000 	C:\WINDOWS\System32\win32u.dll
0x00007ff882d30000 - 0x00007ff882d56000 	C:\WINDOWS\System32\GDI32.dll
0x00007ff881930000 - 0x00007ff881ac4000 	C:\WINDOWS\System32\gdi32full.dll
0x00007ff8823d0000 - 0x00007ff88246e000 	C:\WINDOWS\System32\msvcp_win.dll
0x00007ff8816b0000 - 0x00007ff8817aa000 	C:\WINDOWS\System32\ucrtbase.dll
0x00007ff87f7c0000 - 0x00007ff87fa45000 	C:\WINDOWS\WinSxS\amd64_microsoft.windows.common-controls_6595b64144ccf1df_6.0.18362.720_none_e6beb5c51314836b\COMCTL32.dll
0x00007ff8838c0000 - 0x00007ff883bf6000 	C:\WINDOWS\System32\combase.dll
0x00007ff882250000 - 0x00007ff8822d0000 	C:\WINDOWS\System32\bcryptPrimitives.dll
0x00007ff882c40000 - 0x00007ff882c6e000 	C:\WINDOWS\System32\IMM32.DLL
0x0000000059990000 - 0x0000000059a62000 	C:\A_MySoft\04_Java\jdk1.8.0_131\jre\bin\msvcr100.dll
0x00000000590f0000 - 0x000000005998c000 	C:\A_MySoft\04_Java\jdk1.8.0_131\jre\bin\server\jvm.dll
0x00007ff884310000 - 0x00007ff884318000 	C:\WINDOWS\System32\PSAPI.DLL
0x00007ff872460000 - 0x00007ff872469000 	C:\WINDOWS\SYSTEM32\WSOCK32.dll
0x00007ff879850000 - 0x00007ff879874000 	C:\WINDOWS\SYSTEM32\WINMM.dll
0x00007ff8808d0000 - 0x00007ff8808da000 	C:\WINDOWS\SYSTEM32\VERSION.dll
0x00007ff883620000 - 0x00007ff88368f000 	C:\WINDOWS\System32\WS2_32.dll
0x00007ff879600000 - 0x00007ff87962d000 	C:\WINDOWS\SYSTEM32\winmmbase.dll
0x00007ff882380000 - 0x00007ff8823ca000 	C:\WINDOWS\System32\cfgmgr32.dll
0x000000005aab0000 - 0x000000005aabf000 	C:\A_MySoft\04_Java\jdk1.8.0_131\jre\bin\verify.dll
0x000000005aa80000 - 0x000000005aaa9000 	C:\A_MySoft\04_Java\jdk1.8.0_131\jre\bin\java.dll
0x000000005aa60000 - 0x000000005aa76000 	C:\A_MySoft\04_Java\jdk1.8.0_131\jre\bin\zip.dll
0x00007ff882e10000 - 0x00007ff8834f5000 	C:\WINDOWS\System32\SHELL32.dll
0x00007ff883c70000 - 0x00007ff883d19000 	C:\WINDOWS\System32\shcore.dll
0x00007ff881ad0000 - 0x00007ff882250000 	C:\WINDOWS\System32\windows.storage.dll
0x00007ff8812b0000 - 0x00007ff8812d3000 	C:\WINDOWS\System32\profapi.dll
0x00007ff8812e0000 - 0x00007ff88132a000 	C:\WINDOWS\System32\powrprof.dll
0x00007ff881280000 - 0x00007ff881290000 	C:\WINDOWS\System32\UMPDC.dll
0x00007ff883860000 - 0x00007ff8838b2000 	C:\WINDOWS\System32\shlwapi.dll
0x00007ff881330000 - 0x00007ff881341000 	C:\WINDOWS\System32\kernel.appcore.dll
0x00007ff881660000 - 0x00007ff881677000 	C:\WINDOWS\System32\cryptsp.dll
0x000000005aa40000 - 0x000000005aa5a000 	C:\A_MySoft\04_Java\jdk1.8.0_131\jre\bin\net.dll
0x00007ff8805f0000 - 0x00007ff880657000 	C:\WINDOWS\system32\mswsock.dll
0x000000005aa20000 - 0x000000005aa31000 	C:\A_MySoft\04_Java\jdk1.8.0_131\jre\bin\nio.dll
0x00007ff873d90000 - 0x00007ff873db6000 	C:\Users\tongs\.gradle\native\30\windows-amd64\native-platform.dll
0x000000005aa10000 - 0x000000005aa1d000 	C:\A_MySoft\04_Java\jdk1.8.0_131\jre\bin\management.dll
0x00007ff880170000 - 0x00007ff8801a3000 	C:\WINDOWS\system32\rsaenh.dll
0x00007ff8817b0000 - 0x00007ff8817d6000 	C:\WINDOWS\System32\bcrypt.dll
0x00007ff881170000 - 0x00007ff881195000 	C:\WINDOWS\SYSTEM32\USERENV.dll
0x00007ff8807c0000 - 0x00007ff8807cc000 	C:\WINDOWS\SYSTEM32\CRYPTBASE.dll
0x00007ff880310000 - 0x00007ff88034a000 	C:\WINDOWS\SYSTEM32\IPHLPAPI.DLL
0x00007ff8837b0000 - 0x00007ff8837b8000 	C:\WINDOWS\System32\NSI.dll
0x00007ff87c380000 - 0x00007ff87c396000 	C:\WINDOWS\SYSTEM32\dhcpcsvc6.DLL
0x00007ff87c200000 - 0x00007ff87c21c000 	C:\WINDOWS\SYSTEM32\dhcpcsvc.DLL
0x00007ff880350000 - 0x00007ff88041a000 	C:\WINDOWS\SYSTEM32\DNSAPI.dll
0x00007ff880d00000 - 0x00007ff880d31000 	C:\WINDOWS\SYSTEM32\ntmarta.dll
0x0000000058f50000 - 0x00000000590e8000 	C:\A_MySoft\04_Java\jdk1.8.0_131\jre\bin\awt.dll
0x00007ff882b10000 - 0x00007ff882bd4000 	C:\WINDOWS\System32\OLEAUT32.dll
0x00007ff87eb70000 - 0x00007ff87ebff000 	C:\WINDOWS\SYSTEM32\apphelp.dll
0x00007ff87f090000 - 0x00007ff87f0bd000 	C:\WINDOWS\system32\DWMAPI.DLL
0x00007ff87ec70000 - 0x00007ff87ed09000 	C:\WINDOWS\system32\uxtheme.dll
0x0000000058f20000 - 0x0000000058f4a000 	C:\A_MySoft\04_Java\jdk1.8.0_131\jre\bin\dcpr.dll
0x00007ff873df0000 - 0x00007ff873e0e000 	C:\Users\tongs\AppData\Local\Temp\native-platform5779597052749124531dir\native-platform.dll
0x0000000058ef0000 - 0x0000000058f14000 	C:\A_MySoft\04_Java\jdk1.8.0_131\jre\bin\sunec.dll
0x00007ff87b420000 - 0x00007ff87b42a000 	C:\Windows\System32\rasadhlp.dll
0x00007ff87bdd0000 - 0x00007ff87be47000 	C:\WINDOWS\System32\fwpuclnt.dll
0x0000000058ee0000 - 0x0000000058eeb000 	C:\A_MySoft\04_Java\jdk1.8.0_131\jre\bin\sunmscapi.dll
0x00007ff8817e0000 - 0x00007ff881929000 	C:\WINDOWS\System32\CRYPT32.dll
0x00007ff881290000 - 0x00007ff8812a2000 	C:\WINDOWS\System32\MSASN1.dll
0x00007ff86b1a0000 - 0x00007ff86b1b6000 	C:\WINDOWS\system32\napinsp.dll
0x00007ff86b180000 - 0x00007ff86b19a000 	C:\WINDOWS\system32\pnrpnsp.dll
0x00007ff86b930000 - 0x00007ff86b93e000 	C:\WINDOWS\System32\winrnr.dll
0x00007ff87d500000 - 0x00007ff87d51c000 	C:\WINDOWS\system32\NLAapi.dll
0x00007ff85fc30000 - 0x00007ff85fc45000 	C:\WINDOWS\system32\wshbth.dll
0x00007ff880d40000 - 0x00007ff880f34000 	C:\WINDOWS\SYSTEM32\dbghelp.dll

VM Arguments:
jvm_args: -Xmx1536m -Dfile.encoding=GBK -Duser.country=CN -Duser.language=zh -Duser.variant 
java_command: org.gradle.launcher.daemon.bootstrap.GradleDaemon 5.6.4
java_class_path (initial): C:\Users\tongs\.gradle\wrapper\dists\gradle-5.6.4-all\ankdp27end7byghfw1q2sw75f\gradle-5.6.4\lib\gradle-launcher-5.6.4.jar
Launcher Type: SUN_STANDARD

Environment Variables:
JAVA_HOME=C:\A_MySoft\04_Java\jdk1.8.0_131
CLASSPATH=D:\02.AndroidStudy\00.UploadGithub\ktBaseLibrary\\gradle\wrapper\gradle-wrapper.jar
PATH=C:\A_MySoft\xshell\;C:\ProgramData\Oracle\Java\javapath;C:\Program Files (x86)\Intel\Intel(R) Management Engine Components\iCLS\;C:\Program Files\Intel\Intel(R) Management Engine Components\iCLS\;C:\windows\system32;C:\windows;C:\windows\System32\Wbem;C:\windows\System32\WindowsPowerShell\v1.0\;C:\windows\System32\OpenSSH\;C:\Program Files (x86)\Intel\Intel(R) Management Engine Components\DAL;C:\Program Files\Intel\Intel(R) Management Engine Components\DAL;C:\Program Files (x86)\Intel\Intel(R) Management Engine Components\IPT;C:\Program Files\Intel\Intel(R) Management Engine Components\IPT;C:\A_MySoft\06_Git\cmd;C:\A_MySoft\03_TortoiseSVN\bin;C:\A_MySoft\04_Java\jdk1.8.0_131\bin;C:\A_MySoft\04_Java\jdk1.8.0_131\jre\bin;C:\A_MySoft\05_Android\02_SDK\platform-tools;C:\Users\tongs\AppData\Local\Microsoft\WindowsApps;C:\A_MySoft\Fiddler;C:\adb;C:\WINDOWS\system32;C:\WINDOWS;C:\WINDOWS\System32\Wbem;C:\WINDOWS\System32\WindowsPowerShell\v1.0\;C:\WINDOWS\System32\OpenSSH\;C:\Users\tongs\AppData\Local\Microsoft\WindowsApps;C:\A_MySoft\Fiddler;C:\Users\tongs\AppData\Local\Microsoft\WindowsApps;C:\Users\tongs\AppData\Local\BypassRuntm
USERNAME=tongs
OS=Windows_NT
PROCESSOR_IDENTIFIER=Intel64 Family 6 Model 158 Stepping 10, GenuineIntel



---------------  S Y S T E M  ---------------

OS: Windows 10.0 , 64 bit Build 18362 (10.0.18362.329)

CPU:total 6 (initial active 6) (6 cores per cpu, 1 threads per core) family 6 model 158 stepping 10, cmov, cx8, fxsr, mmx, sse, sse2, sse3, ssse3, sse4.1, sse4.2, popcnt, avx, avx2, aes, clmul, erms, rtm, 3dnowpref, lzcnt, tsc, tscinvbit, bmi1, bmi2, adx

Memory: 4k page, physical 16608760k(5058456k free), swap 19361272k(5566476k free)

vm_info: Java HotSpot(TM) 64-Bit Server VM (25.131-b11) for windows-amd64 JRE (1.8.0_131-b11), built on Mar 15 2017 01:23:53 by "java_re" with MS VC++ 10.0 (VS2010)

time: Thu Apr 09 13:43:04 2020
elapsed time: 627 seconds (0d 0h 10m 27s)

