#
# A fatal error has been detected by the Java Runtime Environment:
#
#  EXCEPTION_ACCESS_VIOLATION (0xc0000005) at pc=0x000000000571890d, pid=7836, tid=11040
#
# JRE version: Java(TM) SE Runtime Environment (8.0_91-b15) (build 1.8.0_91-b15)
# Java VM: Java HotSpot(TM) 64-Bit Server VM (25.91-b15 mixed mode windows-amd64 compressed oops)
# Problematic frame:
# J 16818 C1 com.google.common.collect.SparseImmutableTable.<init>(Lcom/google/common/collect/ImmutableList;Lcom/google/common/collect/ImmutableSet;Lcom/google/common/collect/ImmutableSet;)V (468 bytes) @ 0x000000000571890d [0x0000000005717a00+0xf0d]
#
# Failed to write core dump. Minidumps are not enabled by default on client versions of Windows
#
# If you would like to submit a bug report, please visit:
#   http://bugreport.java.com/bugreport/crash.jsp
#

---------------  T H R E A D  ---------------

Current thread (0x000000001aaeb000):  JavaThread "WorkerExecutor Queue Thread 5" [_thread_in_Java, id=11040, stack(0x0000000026d30000,0x0000000026e30000)]

siginfo: ExceptionCode=0xc0000005, writing address 0x0000000026181390

Registers:
RAX=0x00000000e8ac5c00, RBX=0x00000000e87919b8, RCX=0x0000000000000000, RDX=0x00000000e8ac5c00
RSP=0x0000000026e2d9f0, RBP=0x0000000026e2dc38, RSI=0x0000000025f81090, RDI=0x0000000000000000
R8 =0x0000000000000000, R9 =0x0000000000000c0c, R10=0x00000000e87919b8, R11=0x00000000200a427d
R12=0x0000000000000000, R13=0x000000000571870c, R14=0x0000000026e2d9e8, R15=0x000000001aaeb000
RIP=0x000000000571890d, EFLAGS=0x0000000000010246

Top of Stack: (sp=0x0000000026e2d9f0)
0x0000000026e2d9f0:   0000000002b7835d 00000000e8ab9718
0x0000000026e2da00:   0000000026e2da00 0000000021def871
0x0000000026e2da10:   0000000026e2da70 000000002231def0
0x0000000026e2da20:   0000000000000000 0000000021def8d8
0x0000000026e2da30:   0000000000000000 0000000026e2da50
0x0000000026e2da40:   0000000026e2dac0 0000000002b7835d
0x0000000026e2da50:   0000000000001fff 00000000e8abd3d8
0x0000000026e2da60:   000000007783c625 00000000e8ab66d8
0x0000000026e2da70:   00000000e8ab9718 00000000e8ab9718
0x0000000026e2da80:   0000000026e2da80 0000000021df2801
0x0000000026e2da90:   0000000026e2dad8 00000000e8aa44a8
0x0000000026e2daa0:   00000000e8ab9718 00000000e8a75bc0
0x0000000026e2dab0:   00000000e8ab9738 00000000e8ac5410
0x0000000026e2dac0:   00000000e8ac53e8 00000000e8ac5448
0x0000000026e2dad0:   00000000a4f650b8 00000000e8ac5b48
0x0000000026e2dae0:   00000000e8ac5ba8 00000000e8ac5be0 

Instructions: (pc=0x000000000571890d)
0x00000000057188ed:   bf 05 00 00 00 00 00 00 00 48 89 4c f8 08 48 ff
0x00000000057188fd:   cf 75 f6 48 8b d0 48 be 90 10 f8 25 00 00 00 00
0x000000000571890d:   48 83 86 00 03 20 00 01 48 ba a0 de 1e 20 00 00
0x000000000571891d:   00 00 8b b2 dc 00 00 00 83 c6 08 89 b2 dc 00 00 


Register to memory mapping:

RAX=0x00000000e8ac5c00 is an oop
java.util.LinkedHashMap 
 - klass: 'java/util/LinkedHashMap'
RBX=0x00000000e87919b8 is an oop
java.lang.String 
 - klass: 'java/lang/String'
RCX=0x0000000000000000 is an unknown value
RDX=0x00000000e8ac5c00 is an oop
java.util.LinkedHashMap 
 - klass: 'java/util/LinkedHashMap'
RSP=0x0000000026e2d9f0 is pointing into the stack for thread: 0x000000001aaeb000
RBP=0x0000000026e2dc38 is pointing into the stack for thread: 0x000000001aaeb000
RSI=0x0000000025f81090 is pointing into metadata
RDI=0x0000000000000000 is an unknown value
R8 =0x0000000000000000 is an unknown value
R9 =0x0000000000000c0c is an unknown value
R10=0x00000000e87919b8 is an oop
java.lang.String 
 - klass: 'java/lang/String'
R11=0x00000000200a427d is pointing into metadata
R12=0x0000000000000000 is an unknown value
R13=0x000000000571870c is at entry_point+3340 in (nmethod*)0x00000000057172d0
R14=0x0000000026e2d9e8 is pointing into the stack for thread: 0x000000001aaeb000
R15=0x000000001aaeb000 is a thread


Stack: [0x0000000026d30000,0x0000000026e30000],  sp=0x0000000026e2d9f0,  free space=1014k
Native frames: (J=compiled Java code, j=interpreted, Vv=VM code, C=native code)
C  0x000000000571890d


---------------  P R O C E S S  ---------------

Java Threads: ( => current thread )
  0x000000001d138000 JavaThread "WorkerExecutor Queue Thread 7" [_thread_blocked, id=6996, stack(0x000000002a6d0000,0x000000002a7d0000)]
  0x000000001d136800 JavaThread "ForkJoinPool-3-worker-5" daemon [_thread_blocked, id=10320, stack(0x000000002a5d0000,0x000000002a6d0000)]
  0x000000001d131800 JavaThread "ForkJoinPool-3-worker-4" daemon [_thread_blocked, id=5980, stack(0x000000002a4d0000,0x000000002a5d0000)]
  0x000000001d135000 JavaThread "ForkJoinPool-3-worker-3" daemon [_thread_blocked, id=4684, stack(0x000000002a3d0000,0x000000002a4d0000)]
  0x000000001d133800 JavaThread "ForkJoinPool-3-worker-2" daemon [_thread_blocked, id=7660, stack(0x000000002a2d0000,0x000000002a3d0000)]
  0x000000001d133000 JavaThread "ForkJoinPool-3-worker-1" daemon [_thread_blocked, id=8724, stack(0x0000000029f40000,0x000000002a040000)]
  0x000000001dbf0800 JavaThread "stdout" [_thread_in_native, id=10268, stack(0x000000002a1d0000,0x000000002a2d0000)]
  0x0000000019d83000 JavaThread "stderr" [_thread_in_native, id=900, stack(0x0000000027230000,0x0000000027330000)]
  0x000000001cc11000 JavaThread "stdout" [_thread_in_native, id=11024, stack(0x0000000029e40000,0x0000000029f40000)]
  0x000000001cc12800 JavaThread "stderr" [_thread_in_native, id=1660, stack(0x0000000029d40000,0x0000000029e40000)]
  0x000000001aaf8800 JavaThread "stdout" [_thread_in_native, id=5856, stack(0x0000000029c40000,0x0000000029d40000)]
  0x000000001aaf7800 JavaThread "stderr" [_thread_in_native, id=5140, stack(0x0000000029b40000,0x0000000029c40000)]
  0x000000001aaf6000 JavaThread "stdout" [_thread_in_native, id=7756, stack(0x0000000027660000,0x0000000027760000)]
  0x000000001aaee800 JavaThread "stderr" [_thread_in_native, id=4744, stack(0x0000000027560000,0x0000000027660000)]
  0x000000001aaf5800 JavaThread "stdout" [_thread_in_native, id=8892, stack(0x0000000027460000,0x0000000027560000)]
  0x000000001aaf4800 JavaThread "stderr" [_thread_in_native, id=5740, stack(0x0000000027360000,0x0000000027460000)]
  0x000000001aaed000 JavaThread "stdout" [_thread_in_native, id=6524, stack(0x0000000027130000,0x0000000027230000)]
  0x000000001aaf4000 JavaThread "stderr" [_thread_in_native, id=6992, stack(0x0000000027030000,0x0000000027130000)]
  0x000000001aaec800 JavaThread "pool-10-thread-1" [_thread_blocked, id=4976, stack(0x0000000026f30000,0x0000000027030000)]
  0x000000001aaf3000 JavaThread "WorkerExecutor Queue Thread 6" [_thread_blocked, id=1104, stack(0x0000000026e30000,0x0000000026f30000)]
=>0x000000001aaeb000 JavaThread "WorkerExecutor Queue Thread 5" [_thread_in_Java, id=11040, stack(0x0000000026d30000,0x0000000026e30000)]
  0x000000001aaf0000 JavaThread "WorkerExecutor Queue Thread 4" [_thread_blocked, id=6884, stack(0x0000000026c30000,0x0000000026d30000)]
  0x000000001aaf1800 JavaThread "WorkerExecutor Queue Thread 3" [_thread_blocked, id=5576, stack(0x0000000026b30000,0x0000000026c30000)]
  0x000000001831d800 JavaThread "WorkerExecutor Queue Thread 2" [_thread_blocked, id=7972, stack(0x0000000026a30000,0x0000000026b30000)]
  0x000000001831f800 JavaThread "WorkerExecutor Queue" [_thread_blocked, id=10184, stack(0x0000000026930000,0x0000000026a30000)]
  0x000000001831c800 JavaThread "Cache worker for execution history cache (D:\02.AndroidStudy\00.UploadGithub\ktBaseLibrary\.gradle\5.6.4\executionHistory)" [_thread_blocked, id=2128, stack(0x0000000026330000,0x0000000026430000)]
  0x000000001831f000 JavaThread "Execution worker for ':' Thread 5" [_thread_blocked, id=1336, stack(0x0000000026230000,0x0000000026330000)]
  0x000000001831c000 JavaThread "Execution worker for ':' Thread 4" [_thread_blocked, id=7076, stack(0x0000000026130000,0x0000000026230000)]
  0x0000000018314800 JavaThread "Execution worker for ':' Thread 3" [_thread_blocked, id=7908, stack(0x0000000026030000,0x0000000026130000)]
  0x000000001831b000 JavaThread "Execution worker for ':' Thread 2" [_thread_blocked, id=4628, stack(0x0000000025a30000,0x0000000025b30000)]
  0x0000000018313800 JavaThread "Execution worker for ':'" [_thread_blocked, id=10232, stack(0x0000000000a40000,0x0000000000b40000)]
  0x0000000018319800 JavaThread "Cache worker for file content cache (D:\02.AndroidStudy\00.UploadGithub\ktBaseLibrary\.gradle\5.6.4\fileContent)" [_thread_blocked, id=1588, stack(0x0000000025930000,0x0000000025a30000)]
  0x0000000018312000 JavaThread "Cache worker for Build Output Cleanup Cache (D:\02.AndroidStudy\00.UploadGithub\ktBaseLibrary\.gradle\buildOutputCleanup)" [_thread_blocked, id=1532, stack(0x0000000025830000,0x0000000025930000)]
  0x0000000018315000 JavaThread "Build operations Thread 6" [_thread_blocked, id=8884, stack(0x0000000025330000,0x0000000025430000)]
  0x0000000018319000 JavaThread "Build operations Thread 5" [_thread_blocked, id=6988, stack(0x0000000025230000,0x0000000025330000)]
  0x0000000018311800 JavaThread "Build operations Thread 4" [_thread_blocked, id=9248, stack(0x0000000022200000,0x0000000022300000)]
  0x0000000018318000 JavaThread "Build operations Thread 3" [_thread_blocked, id=7780, stack(0x0000000022100000,0x0000000022200000)]
  0x0000000018310800 JavaThread "Build operations Thread 2" [_thread_blocked, id=5960, stack(0x0000000022000000,0x0000000022100000)]
  0x000000001dbff800 JavaThread "Build operations" [_thread_blocked, id=9480, stack(0x0000000021f00000,0x0000000022000000)]
  0x000000001dbff000 JavaThread "Cache worker for cache directory md-rule (C:\Users\tongs\.gradle\caches\5.6.4\md-rule)" [_thread_blocked, id=4196, stack(0x0000000021e00000,0x0000000021f00000)]
  0x000000001dbfc000 JavaThread "Cache worker for cache directory md-supplier (C:\Users\tongs\.gradle\caches\5.6.4\md-supplier)" [_thread_blocked, id=7108, stack(0x0000000021890000,0x0000000021990000)]
  0x000000001dbfe000 JavaThread "Cache worker for file hash cache (D:\02.AndroidStudy\00.UploadGithub\ktBaseLibrary\.gradle\5.6.4\fileHashes)" [_thread_blocked, id=4004, stack(0x0000000020200000,0x0000000020300000)]
  0x000000001dbf3800 JavaThread "Thread-84" [_thread_blocked, id=5168, stack(0x000000001fe10000,0x000000001ff10000)]
  0x000000001dbfa800 JavaThread "Stdin handler" [_thread_blocked, id=1820, stack(0x000000001d6d0000,0x000000001d7d0000)]
  0x000000001dbf3000 JavaThread "Asynchronous log dispatcher for DefaultDaemonConnection: socket connection from /127.0.0.1:50705 to /127.0.0.1:50988" [_thread_blocked, id=4192, stack(0x000000001bf00000,0x000000001c000000)]
  0x000000001dbf9800 JavaThread "Daemon worker Thread 3" [_thread_blocked, id=10568, stack(0x000000001be00000,0x000000001bf00000)]
  0x000000001dbf2000 JavaThread "Cancel handler" [_thread_blocked, id=3684, stack(0x000000001bd00000,0x000000001be00000)]
  0x000000001dbf9000 JavaThread "Handler for socket connection from /127.0.0.1:50705 to /127.0.0.1:50988" [_thread_in_native, id=4540, stack(0x000000001b900000,0x000000001ba00000)]
  0x000000001dbf8000 JavaThread "Daemon Thread 3" [_thread_blocked, id=9748, stack(0x0000000000940000,0x0000000000a40000)]
  0x000000001aaeb800 JavaThread "Java2D Disposer" daemon [_thread_blocked, id=9584, stack(0x0000000026630000,0x0000000026730000)]
  0x000000001dbfd800 JavaThread "Cache worker for file content cache (C:\Users\tongs\.gradle\caches\5.6.4\fileContent)" [_thread_blocked, id=10104, stack(0x0000000023c80000,0x0000000023d80000)]
  0x000000001dbf5000 JavaThread "Memory manager" [_thread_blocked, id=10612, stack(0x0000000024030000,0x0000000024130000)]
  0x000000001dbf7800 JavaThread "Cache worker for execution history cache (C:\Users\tongs\.gradle\caches\5.6.4\executionHistory)" [_thread_blocked, id=4408, stack(0x0000000021590000,0x0000000021690000)]
  0x0000000019d82800 JavaThread "Cache worker for journal cache (C:\Users\tongs\.gradle\caches\journal-1)" [_thread_blocked, id=10988, stack(0x000000001c400000,0x000000001c500000)]
  0x0000000019d84800 JavaThread "File lock request listener" [_thread_in_native, id=9320, stack(0x000000001c300000,0x000000001c400000)]
  0x0000000019d81800 JavaThread "Cache worker for file hash cache (C:\Users\tongs\.gradle\caches\5.6.4\fileHashes)" [_thread_blocked, id=4344, stack(0x000000001c200000,0x000000001c300000)]
  0x000000001a3ef000 JavaThread "Daemon periodic checks" [_thread_blocked, id=10648, stack(0x000000001b800000,0x000000001b900000)]
  0x000000001a378800 JavaThread "Incoming local TCP Connector on port 50705" [_thread_in_native, id=10620, stack(0x000000001b650000,0x000000001b750000)]
  0x000000001a3d5800 JavaThread "Daemon health stats" [_thread_blocked, id=4680, stack(0x000000001b350000,0x000000001b450000)]
  0x0000000018182800 JavaThread "Service Thread" daemon [_thread_blocked, id=7488, stack(0x00000000189b0000,0x0000000018ab0000)]
  0x000000001673d800 JavaThread "C1 CompilerThread2" daemon [_thread_blocked, id=4872, stack(0x00000000188b0000,0x00000000189b0000)]
  0x000000001673a800 JavaThread "C2 CompilerThread1" daemon [_thread_in_native, id=4804, stack(0x00000000187b0000,0x00000000188b0000)]
  0x0000000016737800 JavaThread "C2 CompilerThread0" daemon [_thread_in_native, id=6308, stack(0x00000000186b0000,0x00000000187b0000)]
  0x0000000016734000 JavaThread "Attach Listener" daemon [_thread_blocked, id=10052, stack(0x00000000185b0000,0x00000000186b0000)]
  0x00000000180fb800 JavaThread "Signal Dispatcher" daemon [_thread_blocked, id=10560, stack(0x00000000184b0000,0x00000000185b0000)]
  0x000000001670a800 JavaThread "Finalizer" daemon [_thread_blocked, id=10588, stack(0x0000000017fb0000,0x00000000180b0000)]
  0x0000000002b63800 JavaThread "Reference Handler" daemon [_thread_blocked, id=4688, stack(0x0000000017eb0000,0x0000000017fb0000)]
  0x0000000002a70800 JavaThread "main" [_thread_blocked, id=10312, stack(0x0000000002970000,0x0000000002a70000)]

Other Threads:
  0x00000000166e8000 VMThread [stack: 0x0000000017db0000,0x0000000017eb0000] [id=1576]
  0x00000000181ba000 WatcherThread [stack: 0x0000000018ab0000,0x0000000018bb0000] [id=5436]

VM state:not at safepoint (normal execution)

VM Mutex/Monitor currently owned by a thread: None

Heap:
 PSYoungGen      total 441856K, used 203008K [0x00000000e0000000, 0x0000000100000000, 0x0000000100000000)
  eden space 375808K, 37% used [0x00000000e0000000,0x00000000e8ae5a40,0x00000000f6f00000)
  from space 66048K, 92% used [0x00000000fbf80000,0x00000000ffada940,0x0000000100000000)
  to   space 74240K, 0% used [0x00000000f6f00000,0x00000000f6f00000,0x00000000fb780000)
 ParOldGen       total 248320K, used 132185K [0x00000000a0000000, 0x00000000af280000, 0x00000000e0000000)
  object space 248320K, 53% used [0x00000000a0000000,0x00000000a81167a8,0x00000000af280000)
 Metaspace       used 87936K, capacity 92042K, committed 92288K, reserved 1128448K
  class space    used 11731K, capacity 12588K, committed 12672K, reserved 1048576K

Card table byte_map: [0x0000000011f30000,0x0000000012240000] byte_map_base: 0x0000000011a30000

Marking Bits: (ParMarkBitMap*) 0x000000005eae2f70
 Begin Bits: [0x0000000012a40000, 0x0000000014240000)
 End Bits:   [0x0000000014240000, 0x0000000015a40000)

Polling page: 0x0000000000ce0000

CodeCache: size=245760Kb used=44074Kb max_used=44391Kb free=201685Kb
 bounds [0x0000000002b70000, 0x0000000005730000, 0x0000000011b70000]
 total_blobs=14706 nmethods=13731 adapters=886
 compilation: enabled

Compilation events (10 events):
Event: 462.344 Thread 0x000000001673d800 16889       3       com.android.ide.common.symbols.SymbolIo$SymbolLineReader::lambda$static$0 (8 bytes)
Event: 462.344 Thread 0x000000001673d800 nmethod 16889 0x0000000003642890 code [0x0000000003642a00, 0x0000000003642bc8]
Event: 462.344 Thread 0x000000001673d800 16890       3       com.android.ide.common.symbols.SymbolIo::computeItemName (48 bytes)
Event: 462.344 Thread 0x000000001673d800 nmethod 16890 0x0000000004ff7810 code [0x0000000004ff7a20, 0x0000000004ff8658]
Event: 462.344 Thread 0x000000001673d800 16891       3       java.util.Comparator$$Lambda$198/192408982::compare (10 bytes)
Event: 462.344 Thread 0x000000001673d800 nmethod 16891 0x0000000004423b90 code [0x0000000004423d20, 0x0000000004424198]
Event: 462.344 Thread 0x000000001673d800 16892       3       java.util.Comparator::lambda$comparingInt$7b0bb60$1 (18 bytes)
Event: 462.345 Thread 0x000000001673d800 nmethod 16892 0x00000000056b93d0 code [0x00000000056b9560, 0x00000000056b9938]
Event: 462.345 Thread 0x000000001673d800 16894 %     3       com.google.common.collect.ImmutableTable::copyOf @ 11 (44 bytes)
Event: 462.345 Thread 0x000000001673d800 nmethod 16894% 0x0000000004536510 code [0x0000000004536720, 0x0000000004537208]

GC Heap History (10 events):
Event: 11.501 GC heap before
{Heap before GC invocations=15 (full 3):
 PSYoungGen      total 291328K, used 291301K [0x00000000e0000000, 0x00000000f7000000, 0x0000000100000000)
  eden space 265728K, 100% used [0x00000000e0000000,0x00000000f0380000,0x00000000f0380000)
  from space 25600K, 99% used [0x00000000f0380000,0x00000000f1c79670,0x00000000f1c80000)
  to   space 32768K, 0% used [0x00000000f5000000,0x00000000f5000000,0x00000000f7000000)
 ParOldGen       total 248320K, used 47402K [0x00000000a0000000, 0x00000000af280000, 0x00000000e0000000)
  object space 248320K, 19% used [0x00000000a0000000,0x00000000a2e4ab10,0x00000000af280000)
 Metaspace       used 74676K, capacity 77784K, committed 77952K, reserved 1116160K
  class space    used 10391K, capacity 11093K, committed 11136K, reserved 1048576K
Event: 11.518 GC heap after
Heap after GC invocations=15 (full 3):
 PSYoungGen      total 338432K, used 32758K [0x00000000e0000000, 0x00000000f8780000, 0x0000000100000000)
  eden space 305664K, 0% used [0x00000000e0000000,0x00000000e0000000,0x00000000f2a80000)
  from space 32768K, 99% used [0x00000000f5000000,0x00000000f6ffdbd0,0x00000000f7000000)
  to   space 38400K, 0% used [0x00000000f2a80000,0x00000000f2a80000,0x00000000f5000000)
 ParOldGen       total 248320K, used 50572K [0x00000000a0000000, 0x00000000af280000, 0x00000000e0000000)
  object space 248320K, 20% used [0x00000000a0000000,0x00000000a31631e8,0x00000000af280000)
 Metaspace       used 74676K, capacity 77784K, committed 77952K, reserved 1116160K
  class space    used 10391K, capacity 11093K, committed 11136K, reserved 1048576K
}
Event: 371.477 GC heap before
{Heap before GC invocations=16 (full 3):
 PSYoungGen      total 338432K, used 338422K [0x00000000e0000000, 0x00000000f8780000, 0x0000000100000000)
  eden space 305664K, 100% used [0x00000000e0000000,0x00000000f2a80000,0x00000000f2a80000)
  from space 32768K, 99% used [0x00000000f5000000,0x00000000f6ffdbd0,0x00000000f7000000)
  to   space 38400K, 0% used [0x00000000f2a80000,0x00000000f2a80000,0x00000000f5000000)
 ParOldGen       total 248320K, used 50572K [0x00000000a0000000, 0x00000000af280000, 0x00000000e0000000)
  object space 248320K, 20% used [0x00000000a0000000,0x00000000a31631e8,0x00000000af280000)
 Metaspace       used 81967K, capacity 85480K, committed 85632K, reserved 1122304K
  class space    used 11069K, capacity 11819K, committed 11904K, reserved 1048576K
Event: 371.513 GC heap after
Heap after GC invocations=16 (full 3):
 PSYoungGen      total 344064K, used 38376K [0x00000000e0000000, 0x00000000fc680000, 0x0000000100000000)
  eden space 305664K, 0% used [0x00000000e0000000,0x00000000e0000000,0x00000000f2a80000)
  from space 38400K, 99% used [0x00000000f2a80000,0x00000000f4ffa0a0,0x00000000f5000000)
  to   space 52224K, 0% used [0x00000000f9380000,0x00000000f9380000,0x00000000fc680000)
 ParOldGen       total 248320K, used 72820K [0x00000000a0000000, 0x00000000af280000, 0x00000000e0000000)
  object space 248320K, 29% used [0x00000000a0000000,0x00000000a471d1c8,0x00000000af280000)
 Metaspace       used 81967K, capacity 85480K, committed 85632K, reserved 1122304K
  class space    used 11069K, capacity 11819K, committed 11904K, reserved 1048576K
}
Event: 373.151 GC heap before
{Heap before GC invocations=17 (full 3):
 PSYoungGen      total 344064K, used 343871K [0x00000000e0000000, 0x00000000fc680000, 0x0000000100000000)
  eden space 305664K, 99% used [0x00000000e0000000,0x00000000f2a55c98,0x00000000f2a80000)
  from space 38400K, 99% used [0x00000000f2a80000,0x00000000f4ffa0a0,0x00000000f5000000)
  to   space 52224K, 0% used [0x00000000f9380000,0x00000000f9380000,0x00000000fc680000)
 ParOldGen       total 248320K, used 72820K [0x00000000a0000000, 0x00000000af280000, 0x00000000e0000000)
  object space 248320K, 29% used [0x00000000a0000000,0x00000000a471d1c8,0x00000000af280000)
 Metaspace       used 82545K, capacity 86202K, committed 86400K, reserved 1124352K
  class space    used 11108K, capacity 11854K, committed 11904K, reserved 1048576K
Event: 373.190 GC heap after
Heap after GC invocations=17 (full 3):
 PSYoungGen      total 396288K, used 52223K [0x00000000e0000000, 0x00000000fe980000, 0x0000000100000000)
  eden space 344064K, 0% used [0x00000000e0000000,0x00000000e0000000,0x00000000f5000000)
  from space 52224K, 99% used [0x00000000f9380000,0x00000000fc67fd20,0x00000000fc680000)
  to   space 69120K, 0% used [0x00000000f5000000,0x00000000f5000000,0x00000000f9380000)
 ParOldGen       total 248320K, used 96888K [0x00000000a0000000, 0x00000000af280000, 0x00000000e0000000)
  object space 248320K, 39% used [0x00000000a0000000,0x00000000a5e9e258,0x00000000af280000)
 Metaspace       used 82545K, capacity 86202K, committed 86400K, reserved 1124352K
  class space    used 11108K, capacity 11854K, committed 11904K, reserved 1048576K
}
Event: 459.582 GC heap before
{Heap before GC invocations=18 (full 3):
 PSYoungGen      total 396288K, used 396287K [0x00000000e0000000, 0x00000000fe980000, 0x0000000100000000)
  eden space 344064K, 100% used [0x00000000e0000000,0x00000000f5000000,0x00000000f5000000)
  from space 52224K, 99% used [0x00000000f9380000,0x00000000fc67fd20,0x00000000fc680000)
  to   space 69120K, 0% used [0x00000000f5000000,0x00000000f5000000,0x00000000f9380000)
 ParOldGen       total 248320K, used 96888K [0x00000000a0000000, 0x00000000af280000, 0x00000000e0000000)
  object space 248320K, 39% used [0x00000000a0000000,0x00000000a5e9e258,0x00000000af280000)
 Metaspace       used 87572K, capacity 91558K, committed 91776K, reserved 1128448K
  class space    used 11710K, capacity 12562K, committed 12672K, reserved 1048576K
Event: 459.606 GC heap after
Heap after GC invocations=18 (full 3):
 PSYoungGen      total 413184K, used 23118K [0x00000000e0000000, 0x0000000100000000, 0x0000000100000000)
  eden space 344064K, 0% used [0x00000000e0000000,0x00000000e0000000,0x00000000f5000000)
  from space 69120K, 33% used [0x00000000f5000000,0x00000000f6693848,0x00000000f9380000)
  to   space 66048K, 0% used [0x00000000fbf80000,0x00000000fbf80000,0x0000000100000000)
 ParOldGen       total 248320K, used 132177K [0x00000000a0000000, 0x00000000af280000, 0x00000000e0000000)
  object space 248320K, 53% used [0x00000000a0000000,0x00000000a81147a8,0x00000000af280000)
 Metaspace       used 87572K, capacity 91558K, committed 91776K, reserved 1128448K
  class space    used 11710K, capacity 12562K, committed 12672K, reserved 1048576K
}
Event: 460.989 GC heap before
{Heap before GC invocations=19 (full 3):
 PSYoungGen      total 413184K, used 367182K [0x00000000e0000000, 0x0000000100000000, 0x0000000100000000)
  eden space 344064K, 100% used [0x00000000e0000000,0x00000000f5000000,0x00000000f5000000)
  from space 69120K, 33% used [0x00000000f5000000,0x00000000f6693848,0x00000000f9380000)
  to   space 66048K, 0% used [0x00000000fbf80000,0x00000000fbf80000,0x0000000100000000)
 ParOldGen       total 248320K, used 132177K [0x00000000a0000000, 0x00000000af280000, 0x00000000e0000000)
  object space 248320K, 53% used [0x00000000a0000000,0x00000000a81147a8,0x00000000af280000)
 Metaspace       used 87775K, capacity 91832K, committed 92032K, reserved 1128448K
  class space    used 11718K, capacity 12575K, committed 12672K, reserved 1048576K
Event: 461.014 GC heap after
Heap after GC invocations=19 (full 3):
 PSYoungGen      total 441856K, used 60778K [0x00000000e0000000, 0x0000000100000000, 0x0000000100000000)
  eden space 375808K, 0% used [0x00000000e0000000,0x00000000e0000000,0x00000000f6f00000)
  from space 66048K, 92% used [0x00000000fbf80000,0x00000000ffada940,0x0000000100000000)
  to   space 74240K, 0% used [0x00000000f6f00000,0x00000000f6f00000,0x00000000fb780000)
 ParOldGen       total 248320K, used 132185K [0x00000000a0000000, 0x00000000af280000, 0x00000000e0000000)
  object space 248320K, 53% used [0x00000000a0000000,0x00000000a81167a8,0x00000000af280000)
 Metaspace       used 87775K, capacity 91832K, committed 92032K, reserved 1128448K
  class space    used 11718K, capacity 12575K, committed 12672K, reserved 1048576K
}

Deoptimization events (10 events):
Event: 461.409 Thread 0x000000001831b000 Uncommon trap: reason=unstable_if action=reinterpret pc=0x00000000056de728 method=org.gradle.execution.plan.TaskNode.allDependenciesComplete()Z @ 4
Event: 461.475 Thread 0x000000001831b000 Uncommon trap: reason=class_check action=maybe_recompile pc=0x00000000056c6308 method=com.android.utils.PositionXmlParser.getPositionHelper(Lorg/w3c/dom/Node;II)Lcom/android/utils/PositionXmlParser$Position; @ 20
Event: 461.475 Thread 0x000000001831b000 Uncommon trap: reason=class_check action=maybe_recompile pc=0x00000000056c6308 method=com.android.utils.PositionXmlParser.getPositionHelper(Lorg/w3c/dom/Node;II)Lcom/android/utils/PositionXmlParser$Position; @ 20
Event: 461.559 Thread 0x000000001831f800 Uncommon trap: reason=class_check action=maybe_recompile pc=0x000000000565ebcc method=com.google.common.collect.AbstractMapBasedMultimap$WrappedCollection$WrappedIterator.hasNext()Z @ 8
Event: 461.559 Thread 0x000000001831f800 Uncommon trap: reason=class_check action=maybe_recompile pc=0x000000000565ebcc method=com.google.common.collect.AbstractMapBasedMultimap$WrappedCollection$WrappedIterator.hasNext()Z @ 8
Event: 461.559 Thread 0x000000001831f800 Uncommon trap: reason=class_check action=maybe_recompile pc=0x000000000565ebcc method=com.google.common.collect.AbstractMapBasedMultimap$WrappedCollection$WrappedIterator.hasNext()Z @ 8
Event: 461.559 Thread 0x000000001831f800 Uncommon trap: reason=class_check action=maybe_recompile pc=0x000000000565ebcc method=com.google.common.collect.AbstractMapBasedMultimap$WrappedCollection$WrappedIterator.hasNext()Z @ 8
Event: 461.562 Thread 0x000000001831f800 Uncommon trap: reason=array_check action=maybe_recompile pc=0x000000000565dec4 method=java.util.ComparableTimSort.binarySort([Ljava/lang/Object;III)V @ 215
Event: 461.562 Thread 0x000000001831f800 Uncommon trap: reason=array_check action=maybe_recompile pc=0x00000000056972ac method=java.util.ComparableTimSort.mergeLo(IIII)V @ 81
Event: 461.613 Thread 0x0000000018313800 Uncommon trap: reason=unstable_if action=reinterpret pc=0x0000000005241f18 method=org.gradle.internal.component.model.ComponentAttributeMatcher$CachedQuery.select([ILjava/util/Collection;)Ljava/util/List; @ 2

Internal exceptions (10 events):
Event: 460.087 Thread 0x000000001dbf9800 Exception <a 'sun/nio/fs/WindowsException'> (0x00000000e6ba6dd8) thrown at [C:\re\workspace\8-2-build-windows-amd64-cygwin\jdk8u91\7017\hotspot\src\share\vm\prims\jni.cpp, line 709]
Event: 460.087 Thread 0x000000001dbf9800 Exception <a 'sun/nio/fs/WindowsException'> (0x00000000e6ba9b10) thrown at [C:\re\workspace\8-2-build-windows-amd64-cygwin\jdk8u91\7017\hotspot\src\share\vm\prims\jni.cpp, line 709]
Event: 460.088 Thread 0x000000001dbf9800 Exception <a 'sun/nio/fs/WindowsException'> (0x00000000e6baadd0) thrown at [C:\re\workspace\8-2-build-windows-amd64-cygwin\jdk8u91\7017\hotspot\src\share\vm\prims\jni.cpp, line 709]
Event: 461.565 Thread 0x000000001831f800 Exception <a 'sun/nio/fs/WindowsException'> (0x00000000e7d82ee0) thrown at [C:\re\workspace\8-2-build-windows-amd64-cygwin\jdk8u91\7017\hotspot\src\share\vm\prims\jni.cpp, line 709]
Event: 461.566 Thread 0x000000001dbf9800 Exception <a 'sun/nio/fs/WindowsException'> (0x00000000e7a70700) thrown at [C:\re\workspace\8-2-build-windows-amd64-cygwin\jdk8u91\7017\hotspot\src\share\vm\prims\jni.cpp, line 709]
Event: 461.567 Thread 0x000000001831f800 Exception <a 'sun/nio/fs/WindowsException'> (0x00000000e7dc55a0) thrown at [C:\re\workspace\8-2-build-windows-amd64-cygwin\jdk8u91\7017\hotspot\src\share\vm\prims\jni.cpp, line 709]
Event: 461.568 Thread 0x000000001831f800 Exception <a 'sun/nio/fs/WindowsException'> (0x00000000e7dc5ad0) thrown at [C:\re\workspace\8-2-build-windows-amd64-cygwin\jdk8u91\7017\hotspot\src\share\vm\prims\jni.cpp, line 709]
Event: 461.568 Thread 0x000000001831f800 Exception <a 'sun/nio/fs/WindowsException'> (0x00000000e7dc6350) thrown at [C:\re\workspace\8-2-build-windows-amd64-cygwin\jdk8u91\7017\hotspot\src\share\vm\prims\jni.cpp, line 709]
Event: 461.568 Thread 0x000000001831f800 Exception <a 'sun/nio/fs/WindowsException'> (0x00000000e7dc6d98) thrown at [C:\re\workspace\8-2-build-windows-amd64-cygwin\jdk8u91\7017\hotspot\src\share\vm\prims\jni.cpp, line 709]
Event: 461.575 Thread 0x000000001dbf9800 Exception <a 'sun/nio/fs/WindowsException'> (0x00000000e7ad8d10) thrown at [C:\re\workspace\8-2-build-windows-amd64-cygwin\jdk8u91\7017\hotspot\src\share\vm\prims\jni.cpp, line 709]

Events (10 events):
Event: 461.592 Executing VM operation: RevokeBias
Event: 461.592 Executing VM operation: RevokeBias done
Event: 461.592 Executing VM operation: BulkRevokeBias
Event: 461.592 Executing VM operation: BulkRevokeBias done
Event: 461.613 Thread 0x0000000018313800 Uncommon trap: trap_request=0xffffff65 fr.pc=0x0000000005241f18
Event: 461.613 Thread 0x0000000018313800 DEOPT PACKING pc=0x0000000005241f18 sp=0x0000000000b3d6a0
Event: 461.613 Thread 0x0000000018313800 DEOPT UNPACKING pc=0x0000000002bb582a sp=0x0000000000b3d4c8 mode 2
Event: 461.619 Thread 0x000000001d138000 Thread added: 0x000000001d138000
Event: 461.620 Executing VM operation: RevokeBias
Event: 461.621 Executing VM operation: RevokeBias done


Dynamic libraries:
0x00007ff66fea0000 - 0x00007ff66fed7000 	C:\Program Files\Java\jre1.8.0_91\bin\java.exe
0x00007ff82c440000 - 0x00007ff82c630000 	C:\Windows\SYSTEM32\ntdll.dll
0x00007ff82b930000 - 0x00007ff82b9e2000 	C:\Windows\System32\KERNEL32.DLL
0x00007ff829970000 - 0x00007ff829c13000 	C:\Windows\System32\KERNELBASE.dll
0x00007ff82ae60000 - 0x00007ff82af03000 	C:\Windows\System32\ADVAPI32.dll
0x00007ff82afa0000 - 0x00007ff82b03e000 	C:\Windows\System32\msvcrt.dll
0x00007ff82b0b0000 - 0x00007ff82b147000 	C:\Windows\System32\sechost.dll
0x00007ff82a650000 - 0x00007ff82a770000 	C:\Windows\System32\RPCRT4.dll
0x00007ff82b790000 - 0x00007ff82b924000 	C:\Windows\System32\USER32.dll
0x00007ff8297a0000 - 0x00007ff8297c1000 	C:\Windows\System32\win32u.dll
0x00007ff82af10000 - 0x00007ff82af36000 	C:\Windows\System32\GDI32.dll
0x00007ff8297d0000 - 0x00007ff829964000 	C:\Windows\System32\gdi32full.dll
0x00007ff8294b0000 - 0x00007ff82954e000 	C:\Windows\System32\msvcp_win.dll
0x00007ff82a3a0000 - 0x00007ff82a49a000 	C:\Windows\System32\ucrtbase.dll
0x00007ff819d00000 - 0x00007ff819f85000 	C:\Windows\WinSxS\amd64_microsoft.windows.common-controls_6595b64144ccf1df_6.0.18362.720_none_e6beb5c51314836b\COMCTL32.dll
0x00007ff82b3a0000 - 0x00007ff82b6d6000 	C:\Windows\System32\combase.dll
0x00007ff8295b0000 - 0x00007ff829630000 	C:\Windows\System32\bcryptPrimitives.dll
0x00007ff82b1c0000 - 0x00007ff82b1ee000 	C:\Windows\System32\IMM32.DLL
0x000000005eb70000 - 0x000000005ec42000 	C:\Program Files\Java\jre1.8.0_91\bin\msvcr100.dll
0x000000005e2d0000 - 0x000000005eb63000 	C:\Program Files\Java\jre1.8.0_91\bin\server\jvm.dll
0x00007ff82b2c0000 - 0x00007ff82b2c8000 	C:\Windows\System32\PSAPI.DLL
0x00007ff812e10000 - 0x00007ff812e19000 	C:\Windows\SYSTEM32\WSOCK32.dll
0x00007ff827320000 - 0x00007ff827344000 	C:\Windows\SYSTEM32\WINMM.dll
0x00007ff8233e0000 - 0x00007ff8233ea000 	C:\Windows\SYSTEM32\VERSION.dll
0x00007ff82c390000 - 0x00007ff82c3ff000 	C:\Windows\System32\WS2_32.dll
0x00007ff8272f0000 - 0x00007ff82731d000 	C:\Windows\SYSTEM32\winmmbase.dll
0x00007ff82a4a0000 - 0x00007ff82a4ea000 	C:\Windows\System32\cfgmgr32.dll
0x000000005e2c0000 - 0x000000005e2cf000 	C:\Program Files\Java\jre1.8.0_91\bin\verify.dll
0x000000005e290000 - 0x000000005e2b9000 	C:\Program Files\Java\jre1.8.0_91\bin\java.dll
0x000000005e270000 - 0x000000005e286000 	C:\Program Files\Java\jre1.8.0_91\bin\zip.dll
0x00007ff82a770000 - 0x00007ff82ae55000 	C:\Windows\System32\SHELL32.dll
0x00007ff82bbc0000 - 0x00007ff82bc69000 	C:\Windows\System32\shcore.dll
0x00007ff829c20000 - 0x00007ff82a3a0000 	C:\Windows\System32\windows.storage.dll
0x00007ff8293a0000 - 0x00007ff8293c3000 	C:\Windows\System32\profapi.dll
0x00007ff829350000 - 0x00007ff82939a000 	C:\Windows\System32\powrprof.dll
0x00007ff829300000 - 0x00007ff829310000 	C:\Windows\System32\UMPDC.dll
0x00007ff82b150000 - 0x00007ff82b1a2000 	C:\Windows\System32\shlwapi.dll
0x00007ff829330000 - 0x00007ff829341000 	C:\Windows\System32\kernel.appcore.dll
0x00007ff829630000 - 0x00007ff829647000 	C:\Windows\System32\cryptsp.dll
0x000000005e250000 - 0x000000005e26a000 	C:\Program Files\Java\jre1.8.0_91\bin\net.dll
0x00007ff828ae0000 - 0x00007ff828b47000 	C:\Windows\system32\mswsock.dll
0x000000005e230000 - 0x000000005e241000 	C:\Program Files\Java\jre1.8.0_91\bin\nio.dll
0x00007ffff2410000 - 0x00007ffff2436000 	C:\Users\tongs\.gradle\native\30\windows-amd64\native-platform.dll
0x000000005e220000 - 0x000000005e22d000 	C:\Program Files\Java\jre1.8.0_91\bin\management.dll
0x00007ff828650000 - 0x00007ff828683000 	C:\Windows\system32\rsaenh.dll
0x00007ff829480000 - 0x00007ff8294a6000 	C:\Windows\System32\bcrypt.dll
0x00007ff829220000 - 0x00007ff829245000 	C:\Windows\SYSTEM32\USERENV.dll
0x00007ff828cb0000 - 0x00007ff828cbc000 	C:\Windows\SYSTEM32\CRYPTBASE.dll
0x00007ff8287f0000 - 0x00007ff82882a000 	C:\Windows\SYSTEM32\IPHLPAPI.DLL
0x00007ff82b040000 - 0x00007ff82b048000 	C:\Windows\System32\NSI.dll
0x00007ff8233a0000 - 0x00007ff8233b6000 	C:\Windows\SYSTEM32\dhcpcsvc6.DLL
0x00007ff822ad0000 - 0x00007ff822aec000 	C:\Windows\SYSTEM32\dhcpcsvc.DLL
0x00007ff828830000 - 0x00007ff8288fa000 	C:\Windows\SYSTEM32\DNSAPI.dll
0x000000005e080000 - 0x000000005e218000 	C:\Program Files\Java\jre1.8.0_91\bin\awt.dll
0x00007ff82b2d0000 - 0x00007ff82b394000 	C:\Windows\System32\OLEAUT32.dll
0x00007ff827550000 - 0x00007ff8275df000 	C:\Windows\SYSTEM32\apphelp.dll
0x00007ff827a70000 - 0x00007ff827a9d000 	C:\Windows\system32\DWMAPI.DLL
0x00007ff827650000 - 0x00007ff8276e9000 	C:\Windows\system32\uxtheme.dll
0x000000005e050000 - 0x000000005e07a000 	C:\Program Files\Java\jre1.8.0_91\bin\dcpr.dll
0x00007ff828330000 - 0x00007ff828361000 	C:\Windows\SYSTEM32\ntmarta.dll
0x000000005e020000 - 0x000000005e044000 	C:\Program Files\Java\jre1.8.0_91\bin\sunec.dll
0x00007ff81e860000 - 0x00007ff81e86a000 	C:\Windows\System32\rasadhlp.dll
0x00007ff81ece0000 - 0x00007ff81ed57000 	C:\Windows\System32\fwpuclnt.dll
0x00007ffff38c0000 - 0x00007ffff38d6000 	C:\Windows\system32\napinsp.dll
0x00007ffff38a0000 - 0x00007ffff38ba000 	C:\Windows\system32\pnrpnsp.dll
0x00007ffff4af0000 - 0x00007ffff4afe000 	C:\Windows\System32\winrnr.dll
0x00007ff825b10000 - 0x00007ff825b2c000 	C:\Windows\system32\NLAapi.dll
0x00007ff813010000 - 0x00007ff813025000 	C:\Windows\system32\wshbth.dll
0x00007ff805c90000 - 0x00007ff805e84000 	C:\Windows\SYSTEM32\dbghelp.dll

VM Arguments:
jvm_args: -Xmx1536m -Dfile.encoding=GBK -Duser.country=CN -Duser.language=zh -Duser.variant 
java_command: org.gradle.launcher.daemon.bootstrap.GradleDaemon 5.6.4
java_class_path (initial): C:\Users\tongs\.gradle\wrapper\dists\gradle-5.6.4-all\ankdp27end7byghfw1q2sw75f\gradle-5.6.4\lib\gradle-launcher-5.6.4.jar
Launcher Type: SUN_STANDARD

Environment Variables:
CLASSPATH=D:\02.AndroidStudy\00.UploadGithub\ktBaseLibrary\\gradle\wrapper\gradle-wrapper.jar
PATH=C:\ProgramData\Oracle\Java\javapath;C:\Windows\system32;C:\Windows;C:\Windows\System32\Wbem;C:\Windows\System32\WindowsPowerShell\v1.0\;C:\Windows\System32\OpenSSH\;C:\MySoft\1_develop\Git\cmd;C:\MySoft\1_develop\jdk\jdk_8u91;C:\Users\tongs\AppData\Local\Microsoft\WindowsApps;
USERNAME=tongs
OS=Windows_NT
PROCESSOR_IDENTIFIER=Intel64 Family 6 Model 158 Stepping 10, GenuineIntel



---------------  S Y S T E M  ---------------

OS: Windows 10.0 , 64 bit Build 18362 (10.0.18362.329)

CPU:total 6 (6 cores per cpu, 1 threads per core) family 6 model 158 stepping 10, cmov, cx8, fxsr, mmx, sse, sse2, sse3, ssse3, sse4.1, sse4.2, popcnt, avx, avx2, aes, clmul, erms, rtm, 3dnowpref, lzcnt, tsc, tscinvbit, bmi1, bmi2, adx

Memory: 4k page, physical 16608760k(9525340k free), swap 19623416k(11436656k free)

vm_info: Java HotSpot(TM) 64-Bit Server VM (25.91-b15) for windows-amd64 JRE (1.8.0_91-b15), built on May 20 2016 17:43:15 by "java_re" with MS VC++ 10.0 (VS2010)

time: Wed Apr 15 09:22:10 2020
elapsed time: 462 seconds (0d 0h 7m 42s)

