#
# A fatal error has been detected by the Java Runtime Environment:
#
#  EXCEPTION_ACCESS_VIOLATION (0xc0000005) at pc=0x000000005919fd12, pid=10584, tid=0x0000000000001114
#
# JRE version: Java(TM) SE Runtime Environment (8.0_131-b11) (build 1.8.0_131-b11)
# Java VM: Java HotSpot(TM) 64-Bit Server VM (25.131-b11 mixed mode windows-amd64 compressed oops)
# Problematic frame:
# V  [jvm.dll+0xafd12]
#
# Failed to write core dump. Minidumps are not enabled by default on client versions of Windows
#
# If you would like to submit a bug report, please visit:
#   http://bugreport.java.com/bugreport/crash.jsp
#

---------------  T H R E A D  ---------------

Current thread (0x0000000002810000):  GCTaskThread [stack: 0x00000000126c0000,0x00000000127c0000] [id=4372]

siginfo: ExceptionCode=0xc0000005, reading address 0x00000000000000e8

Registers:
RAX=0x0000000000000000, RBX=0x00000000e2602908, RCX=0x0000000101000208, RDX=0x00000000e2602908
RSP=0x00000000127bf898, RBP=0x0000000011cb0781, RSI=0x0000000016465900, RDI=0x00000000a00ee100
R8 =0x0000000000000000, R9 =0x0000000101000208, R10=0x0000000000000008, R11=0x00000000f808fff0
R12=0x0000000011cb076e, R13=0x0000000000000001, R14=0x0000000000000000, R15=0x00000000028021d0
RIP=0x000000005919fd12, EFLAGS=0x0000000000010246

Top of Stack: (sp=0x00000000127bf898)
0x00000000127bf898:   00000000594f0db2 00000000e26028f0
0x00000000127bf8a8:   0000000000000003 0000000016465900
0x00000000127bf8b8:   00000000f70c2918 00000000f8088000
0x00000000127bf8c8:   00000000594f14fb 0000000000000000
0x00000000127bf8d8:   000000000000001d 0000000000000000
0x00000000127bf8e8:   0000000016465900 0000000011cb076e
0x00000000127bf8f8:   00000000594f1120 00000000f808f7ec
0x00000000127bf908:   0000000011cb0781 0000000016465900
0x00000000127bf918:   00000000a00ee100 00000000f808f7ec
0x00000000127bf928:   00000000594f1cc5 00000000e2619f50
0x00000000127bf938:   0000000011cb0781 0000000016465900
0x00000000127bf948:   0000000000000002 0000000016465900
0x00000000127bf958:   00000000591dc78a 0000000000000000
0x00000000127bf968:   00000000592054b7 0000000016465900
0x00000000127bf978:   00000000592036c3 00000000a00ea20d
0x00000000127bf988:   00000000a00ea20d 00000000a00edc28 

Instructions: (pc=0x000000005919fd12)
0x000000005919fcf2:   e2 49 8d 0c 11 49 f7 d1 48 03 c1 49 c1 e9 03 48
0x000000005919fd02:   c1 e8 03 41 23 c1 c3 48 8b 02 48 8b d1 49 8b c9
0x000000005919fd12:   48 ff a0 e8 00 00 00 cc cc cc cc cc cc cc 80 3d
0x000000005919fd22:   8a d6 75 00 00 48 8b c1 74 1b 8b 51 08 8b 0d 73 


Register to memory mapping:

RAX=0x0000000000000000 is an unknown value
RBX=0x00000000e2602908 is an oop

[error occurred during error reporting (printing register info), id 0xc0000005]

Stack: [0x00000000126c0000,0x00000000127c0000],  sp=0x00000000127bf898,  free space=1022k
Native frames: (J=compiled Java code, j=interpreted, Vv=VM code, C=native code)
V  [jvm.dll+0xafd12]


---------------  P R O C E S S  ---------------

Java Threads: ( => current thread )
  0x0000000020775000 JavaThread "GC Daemon" daemon [_thread_blocked, id=14972, stack(0x0000000031ca0000,0x0000000031da0000)]
  0x0000000020776000 JavaThread "RMI RenewClean-[127.0.0.1:17896,org.jetbrains.kotlin.daemon.common.LoopbackNetworkInterface$ClientLoopbackSocketFactory@33826434]" daemon [_thread_blocked, id=12008, stack(0x0000000031ba0000,0x0000000031ca0000)]
  0x0000000020770000 JavaThread "ForkJoinPool-11-worker-3" daemon [_thread_blocked, id=1276, stack(0x000000002f900000,0x000000002fa00000)]
  0x000000002076c000 JavaThread "ForkJoinPool-11-worker-2" daemon [_thread_blocked, id=2832, stack(0x000000002f800000,0x000000002f900000)]
  0x0000000020773000 JavaThread "ForkJoinPool-11-worker-1" daemon [_thread_blocked, id=6380, stack(0x000000002f700000,0x000000002f800000)]
  0x000000002076f000 JavaThread "stdout" [_thread_in_native, id=2488, stack(0x000000002f600000,0x000000002f700000)]
  0x000000002076d000 JavaThread "stderr" [_thread_in_native, id=14072, stack(0x000000002f500000,0x000000002f600000)]
  0x000000002076b000 JavaThread "stdout" [_thread_in_native, id=272, stack(0x000000002f400000,0x000000002f500000)]
  0x0000000020771800 JavaThread "stderr" [_thread_in_native, id=11512, stack(0x000000002f300000,0x000000002f400000)]
  0x000000002076e800 JavaThread "stdout" [_thread_in_native, id=1580, stack(0x000000002f200000,0x000000002f300000)]
  0x0000000020770800 JavaThread "stderr" [_thread_in_native, id=14328, stack(0x000000002f100000,0x000000002f200000)]
  0x0000000020772000 JavaThread "Java2D Disposer" daemon [_thread_blocked, id=13896, stack(0x000000002f000000,0x000000002f100000)]
  0x000000002076d800 JavaThread "WorkerExecutor Queue Thread 6" [_thread_blocked, id=11892, stack(0x000000002ec00000,0x000000002ed00000)]
  0x000000001a4d1800 JavaThread "WorkerExecutor Queue Thread 5" [_thread_blocked, id=11200, stack(0x000000002eb00000,0x000000002ec00000)]
  0x000000001a4d0000 JavaThread "WorkerExecutor Queue Thread 4" [_thread_blocked, id=11440, stack(0x000000002ea00000,0x000000002eb00000)]
  0x000000001a4cf000 JavaThread "WorkerExecutor Queue Thread 3" [_thread_blocked, id=14148, stack(0x000000002e900000,0x000000002ea00000)]
  0x000000001a4d5000 JavaThread "WorkerExecutor Queue Thread 2" [_thread_blocked, id=13308, stack(0x000000002e800000,0x000000002e900000)]
  0x000000001acd9800 JavaThread "WorkerExecutor Queue" [_thread_blocked, id=7920, stack(0x000000002e700000,0x000000002e800000)]
  0x000000001acd7000 JavaThread "stdout" [_thread_in_native, id=14640, stack(0x000000002e600000,0x000000002e700000)]
  0x000000001acd5800 JavaThread "stderr" [_thread_in_native, id=2388, stack(0x000000002e500000,0x000000002e600000)]
  0x000000001acca800 JavaThread "stdout" [_thread_in_native, id=1924, stack(0x000000002e400000,0x000000002e500000)]
  0x000000001accc000 JavaThread "stderr" [_thread_in_native, id=10232, stack(0x000000002e300000,0x000000002e400000)]
  0x000000001accd800 JavaThread "stdout" [_thread_in_native, id=1188, stack(0x000000002e200000,0x000000002e300000)]
  0x000000001980a800 JavaThread "stderr" [_thread_in_native, id=6776, stack(0x000000002dd90000,0x000000002de90000)]
  0x0000000019809800 JavaThread "pool-26-thread-1" [_thread_blocked, id=15012, stack(0x000000002e100000,0x000000002e200000)]
  0x0000000019809000 JavaThread "Cache worker for execution history cache (D:\02.AndroidStudy\00.UploadGithub\ktBaseLibrary\.gradle\5.6.4\executionHistory)" [_thread_blocked, id=1256, stack(0x000000002da90000,0x000000002db90000)]
  0x000000001980c800 JavaThread "Execution worker for ':' Thread 5" [_thread_blocked, id=9900, stack(0x000000002d990000,0x000000002da90000)]
  0x000000001980c000 JavaThread "Execution worker for ':' Thread 4" [_thread_blocked, id=10108, stack(0x000000002d890000,0x000000002d990000)]
  0x000000001980b000 JavaThread "Execution worker for ':' Thread 3" [_thread_blocked, id=10696, stack(0x000000002d340000,0x000000002d440000)]
  0x0000000019800800 JavaThread "Execution worker for ':' Thread 2" [_thread_blocked, id=6804, stack(0x000000002cfc0000,0x000000002d0c0000)]
  0x0000000019807800 JavaThread "Execution worker for ':'" [_thread_blocked, id=2372, stack(0x000000002c1e0000,0x000000002c2e0000)]
  0x0000000019803800 JavaThread "Cache worker for file content cache (D:\02.AndroidStudy\00.UploadGithub\ktBaseLibrary\.gradle\5.6.4\fileContent)" [_thread_blocked, id=12676, stack(0x000000002b6e0000,0x000000002b7e0000)]
  0x000000001f160800 JavaThread "Cache worker for Build Output Cleanup Cache (D:\02.AndroidStudy\00.UploadGithub\ktBaseLibrary\.gradle\buildOutputCleanup)" [_thread_blocked, id=1716, stack(0x0000000025930000,0x0000000025a30000)]
  0x000000001f160000 JavaThread "Build operations Thread 6" [_thread_blocked, id=5812, stack(0x0000000024f30000,0x0000000025030000)]
  0x000000001f15e800 JavaThread "Build operations Thread 5" [_thread_blocked, id=2068, stack(0x0000000024d30000,0x0000000024e30000)]
  0x000000001f164800 JavaThread "Build operations Thread 4" [_thread_blocked, id=2724, stack(0x0000000024c30000,0x0000000024d30000)]
  0x000000001f15f000 JavaThread "Build operations Thread 3" [_thread_blocked, id=2008, stack(0x0000000024430000,0x0000000024530000)]
  0x000000001f163000 JavaThread "Build operations Thread 2" [_thread_blocked, id=10448, stack(0x0000000024130000,0x0000000024230000)]
  0x000000001f161800 JavaThread "Build operations" [_thread_blocked, id=1132, stack(0x0000000023830000,0x0000000023930000)]
  0x000000001f157000 JavaThread "Cache worker for cache directory md-rule (C:\Users\tongs\.gradle\caches\5.6.4\md-rule)" [_thread_blocked, id=5952, stack(0x0000000021e40000,0x0000000021f40000)]
  0x000000001f15d800 JavaThread "Cache worker for cache directory md-supplier (C:\Users\tongs\.gradle\caches\5.6.4\md-supplier)" [_thread_blocked, id=2416, stack(0x0000000021d40000,0x0000000021e40000)]
  0x000000001f156000 JavaThread "Cache worker for file hash cache (D:\02.AndroidStudy\00.UploadGithub\ktBaseLibrary\.gradle\5.6.4\fileHashes)" [_thread_blocked, id=10028, stack(0x0000000021840000,0x0000000021940000)]
  0x000000001f15c000 JavaThread "Thread-152" [_thread_blocked, id=11496, stack(0x000000001e710000,0x000000001e810000)]
  0x000000001f15b800 JavaThread "Stdin handler" [_thread_blocked, id=9344, stack(0x000000001be70000,0x000000001bf70000)]
  0x000000001f15a800 JavaThread "Asynchronous log dispatcher for DefaultDaemonConnection: socket connection from /127.0.0.1:60230 to /127.0.0.1:64236" [_thread_blocked, id=640, stack(0x000000001b770000,0x000000001b870000)]
  0x000000001f159000 JavaThread "Cancel handler" [_thread_blocked, id=10208, stack(0x0000000000930000,0x0000000000a30000)]
  0x000000001f157800 JavaThread "Handler for socket connection from /127.0.0.1:60230 to /127.0.0.1:64236" [_thread_in_native, id=14796, stack(0x0000000000830000,0x0000000000930000)]
  0x000000001acd4000 JavaThread "Daemon worker Thread 3" [_thread_blocked, id=7604, stack(0x000000001b670000,0x000000001b770000)]
  0x000000001accf000 JavaThread "Daemon Thread 3" [_thread_blocked, id=12432, stack(0x0000000000730000,0x0000000000830000)]
  0x0000000019802000 JavaThread "Cache worker for Java compile cache (C:\Users\tongs\.gradle\caches\5.6.4\javaCompile)" [_thread_blocked, id=5404, stack(0x0000000025630000,0x0000000025730000)]
  0x0000000019805000 JavaThread "RMI TCP Accept-0" daemon [_thread_in_native, id=8628, stack(0x0000000024e30000,0x0000000024f30000)]
  0x000000001acd5000 JavaThread "RMI Scheduler(0)" daemon [_thread_blocked, id=212, stack(0x0000000024b30000,0x0000000024c30000)]
  0x000000001acd2800 JavaThread "Cache worker for file content cache (C:\Users\tongs\.gradle\caches\5.6.4\fileContent)" [_thread_blocked, id=11384, stack(0x0000000023730000,0x0000000023830000)]
  0x000000001acd0800 JavaThread "Memory manager" [_thread_blocked, id=7672, stack(0x0000000023430000,0x0000000023530000)]
  0x000000001a4ce800 JavaThread "Cache worker for execution history cache (C:\Users\tongs\.gradle\caches\5.6.4\executionHistory)" [_thread_blocked, id=12364, stack(0x000000001fe90000,0x000000001ff90000)]
  0x000000001a4d3000 JavaThread "Cache worker for journal cache (C:\Users\tongs\.gradle\caches\journal-1)" [_thread_blocked, id=6264, stack(0x000000001c470000,0x000000001c570000)]
  0x000000001a4d2000 JavaThread "File lock request listener" [_thread_in_native, id=1304, stack(0x000000001c370000,0x000000001c470000)]
  0x000000001a4d0800 JavaThread "Cache worker for file hash cache (C:\Users\tongs\.gradle\caches\5.6.4\fileHashes)" [_thread_blocked, id=13696, stack(0x000000001bf70000,0x000000001c070000)]
  0x000000001a1ea800 JavaThread "Daemon periodic checks" [_thread_blocked, id=10632, stack(0x000000001b570000,0x000000001b670000)]
  0x000000001a1e1800 JavaThread "Incoming local TCP Connector on port 60230" [_thread_in_native, id=12828, stack(0x000000001b3c0000,0x000000001b4c0000)]
  0x000000001a18b800 JavaThread "Daemon health stats" [_thread_blocked, id=9092, stack(0x000000001b0c0000,0x000000001b1c0000)]
  0x0000000017ef3000 JavaThread "Service Thread" daemon [_thread_blocked, id=8552, stack(0x0000000018720000,0x0000000018820000)]
  0x0000000017e6f000 JavaThread "C1 CompilerThread2" daemon [_thread_blocked, id=2564, stack(0x0000000018620000,0x0000000018720000)]
  0x0000000017e6e000 JavaThread "C2 CompilerThread1" daemon [_thread_blocked, id=6008, stack(0x0000000018520000,0x0000000018620000)]
  0x00000000164bd000 JavaThread "C2 CompilerThread0" daemon [_thread_blocked, id=2520, stack(0x0000000018420000,0x0000000018520000)]
  0x00000000164b0000 JavaThread "Attach Listener" daemon [_thread_blocked, id=728, stack(0x0000000018320000,0x0000000018420000)]
  0x0000000017e6b800 JavaThread "Signal Dispatcher" daemon [_thread_blocked, id=6372, stack(0x0000000018220000,0x0000000018320000)]
  0x000000001648c800 JavaThread "Finalizer" daemon [_thread_blocked, id=848, stack(0x0000000017d20000,0x0000000017e20000)]
  0x00000000028e2800 JavaThread "Reference Handler" daemon [_thread_blocked, id=4856, stack(0x0000000017c20000,0x0000000017d20000)]
  0x00000000027ee000 JavaThread "main" [_thread_blocked, id=11816, stack(0x00000000026c0000,0x00000000027c0000)]

Other Threads:
  0x0000000016468000 VMThread [stack: 0x0000000017b20000,0x0000000017c20000] [id=7916]
  0x0000000017f34800 WatcherThread [stack: 0x0000000018820000,0x0000000018920000] [id=3228]

=>0x0000000002810000 (exited) GCTaskThread [stack: 0x00000000126c0000,0x00000000127c0000] [id=4372]

VM state:at safepoint (normal execution)

VM Mutex/Monitor currently owned by a thread:  ([mutex/lock_event])
[0x00000000027ed170] Threads_lock - owner thread: 0x0000000016468000
[0x00000000027ecf70] Heap_lock - owner thread: 0x0000000020775000

Heap:
 PSYoungGen      total 367616K, used 132764K [0x00000000e0000000, 0x00000000fc700000, 0x0000000100000000)
  eden space 321536K, 27% used [0x00000000e0000000,0x00000000e5513758,0x00000000f3a00000)
  from space 46080K, 99% used [0x00000000f4600000,0x00000000f7293998,0x00000000f7300000)
  to   space 72192K, 58% used [0x00000000f8080000,0x00000000fa9da220,0x00000000fc700000)
 ParOldGen       total 166912K, used 111225K [0x00000000a0000000, 0x00000000aa300000, 0x00000000e0000000)
  object space 166912K, 66% used [0x00000000a0000000,0x00000000a6c9e7b8,0x00000000aa300000)
 Metaspace       used 162410K, capacity 172672K, committed 172800K, reserved 1198080K
  class space    used 21718K, capacity 23740K, committed 23808K, reserved 1048576K

Card table byte_map: [0x0000000011cb0000,0x0000000011fc0000] byte_map_base: 0x00000000117b0000

Marking Bits: (ParMarkBitMap*) 0x000000005990c720
 Begin Bits: [0x00000000127c0000, 0x0000000013fc0000)
 End Bits:   [0x0000000013fc0000, 0x00000000157c0000)

Polling page: 0x00000000001f0000

CodeCache: size=245760Kb used=75492Kb max_used=75504Kb free=170267Kb
 bounds [0x00000000028f0000, 0x0000000007310000, 0x00000000118f0000]
 total_blobs=23131 nmethods=22085 adapters=954
 compilation: enabled

Compilation events (10 events):
Event: 13649.165 Thread 0x0000000017e6f000 nmethod 27278 0x00000000072f5f50 code [0x00000000072f6120, 0x00000000072f68d8]
Event: 13649.178 Thread 0x0000000017e6f000 27280       3       com.google.common.cache.LocalCache$LoadingValueReference::copyFor (2 bytes)
Event: 13649.178 Thread 0x0000000017e6f000 nmethod 27280 0x00000000072f5c10 code [0x00000000072f5d60, 0x00000000072f5eb0]
Event: 13649.190 Thread 0x0000000017e6e000 nmethod 27276 0x00000000072fded0 code [0x00000000072fe360, 0x0000000007300540]
Event: 13649.190 Thread 0x0000000017e6e000 27279       4       org.gradle.api.internal.file.pattern.PatternMatcher$Or::test (47 bytes)
Event: 13649.196 Thread 0x0000000017e6e000 nmethod 27279 0x0000000007302d10 code [0x0000000007302ea0, 0x00000000073034a8]
Event: 13649.198 Thread 0x00000000164bd000 nmethod 27277 0x0000000007307650 code [0x0000000007307940, 0x0000000007309698]
Event: 13649.260 Thread 0x0000000017e6f000 27281       3       java.io.BufferedOutputStream::<init> (9 bytes)
Event: 13649.260 Thread 0x0000000017e6f000 nmethod 27281 0x00000000072eff90 code [0x00000000072f0100, 0x00000000072f04b0]
Event: 13649.842 Thread 0x0000000017e6e000 27282  s    4       java.lang.Throwable::getOurStackTrace (80 bytes)

GC Heap History (10 events):
Event: 7206.876 GC heap after
Heap after GC invocations=26 (full 5):
 PSYoungGen      total 422400K, used 0K [0x00000000e0000000, 0x0000000100000000, 0x0000000100000000)
  eden space 373760K, 0% used [0x00000000e0000000,0x00000000e0000000,0x00000000f6d00000)
  from space 48640K, 0% used [0x00000000f6d00000,0x00000000f6d00000,0x00000000f9c80000)
  to   space 76800K, 0% used [0x00000000fb500000,0x00000000fb500000,0x0000000100000000)
 ParOldGen       total 166912K, used 111185K [0x00000000a0000000, 0x00000000aa300000, 0x00000000e0000000)
  object space 166912K, 66% used [0x00000000a0000000,0x00000000a6c947b8,0x00000000aa300000)
 Metaspace       used 151088K, capacity 158584K, committed 160428K, reserved 1187840K
  class space    used 20338K, capacity 21833K, committed 22272K, reserved 1048576K
}
Event: 13523.383 GC heap before
{Heap before GC invocations=27 (full 5):
 PSYoungGen      total 422400K, used 373760K [0x00000000e0000000, 0x0000000100000000, 0x0000000100000000)
  eden space 373760K, 100% used [0x00000000e0000000,0x00000000f6d00000,0x00000000f6d00000)
  from space 48640K, 0% used [0x00000000f6d00000,0x00000000f6d00000,0x00000000f9c80000)
  to   space 76800K, 0% used [0x00000000fb500000,0x00000000fb500000,0x0000000100000000)
 ParOldGen       total 166912K, used 111185K [0x00000000a0000000, 0x00000000aa300000, 0x00000000e0000000)
  object space 166912K, 66% used [0x00000000a0000000,0x00000000a6c947b8,0x00000000aa300000)
 Metaspace       used 152860K, capacity 161666K, committed 161920K, reserved 1189888K
  class space    used 20589K, capacity 22339K, committed 22400K, reserved 1048576K
Event: 13523.400 GC heap after
Heap after GC invocations=27 (full 5):
 PSYoungGen      total 420864K, used 25157K [0x00000000e0000000, 0x00000000ff080000, 0x0000000100000000)
  eden space 359936K, 0% used [0x00000000e0000000,0x00000000e0000000,0x00000000f5f80000)
  from space 60928K, 41% used [0x00000000fb500000,0x00000000fcd91498,0x00000000ff080000)
  to   space 74240K, 0% used [0x00000000f5f80000,0x00000000f5f80000,0x00000000fa800000)
 ParOldGen       total 166912K, used 111193K [0x00000000a0000000, 0x00000000aa300000, 0x00000000e0000000)
  object space 166912K, 66% used [0x00000000a0000000,0x00000000a6c967b8,0x00000000aa300000)
 Metaspace       used 152860K, capacity 161666K, committed 161920K, reserved 1189888K
  class space    used 20589K, capacity 22339K, committed 22400K, reserved 1048576K
}
Event: 13608.999 GC heap before
{Heap before GC invocations=28 (full 5):
 PSYoungGen      total 420864K, used 385093K [0x00000000e0000000, 0x00000000ff080000, 0x0000000100000000)
  eden space 359936K, 100% used [0x00000000e0000000,0x00000000f5f80000,0x00000000f5f80000)
  from space 60928K, 41% used [0x00000000fb500000,0x00000000fcd91498,0x00000000ff080000)
  to   space 74240K, 0% used [0x00000000f5f80000,0x00000000f5f80000,0x00000000fa800000)
 ParOldGen       total 166912K, used 111193K [0x00000000a0000000, 0x00000000aa300000, 0x00000000e0000000)
  object space 166912K, 66% used [0x00000000a0000000,0x00000000a6c967b8,0x00000000aa300000)
 Metaspace       used 155364K, capacity 165192K, committed 165504K, reserved 1191936K
  class space    used 20918K, capacity 22848K, committed 22912K, reserved 1048576K
Event: 13609.020 GC heap after
Heap after GC invocations=28 (full 5):
 PSYoungGen      total 371200K, used 24153K [0x00000000e0000000, 0x00000000fdd80000, 0x0000000100000000)
  eden space 346624K, 0% used [0x00000000e0000000,0x00000000e0000000,0x00000000f5280000)
  from space 24576K, 98% used [0x00000000f5f80000,0x00000000f7716798,0x00000000f7780000)
  to   space 71168K, 0% used [0x00000000f9800000,0x00000000f9800000,0x00000000fdd80000)
 ParOldGen       total 166912K, used 111201K [0x00000000a0000000, 0x00000000aa300000, 0x00000000e0000000)
  object space 166912K, 66% used [0x00000000a0000000,0x00000000a6c987b8,0x00000000aa300000)
 Metaspace       used 155364K, capacity 165192K, committed 165504K, reserved 1191936K
  class space    used 20918K, capacity 22848K, committed 22912K, reserved 1048576K
}
Event: 13646.852 GC heap before
{Heap before GC invocations=29 (full 5):
 PSYoungGen      total 371200K, used 370777K [0x00000000e0000000, 0x00000000fdd80000, 0x0000000100000000)
  eden space 346624K, 100% used [0x00000000e0000000,0x00000000f5280000,0x00000000f5280000)
  from space 24576K, 98% used [0x00000000f5f80000,0x00000000f7716798,0x00000000f7780000)
  to   space 71168K, 0% used [0x00000000f9800000,0x00000000f9800000,0x00000000fdd80000)
 ParOldGen       total 166912K, used 111201K [0x00000000a0000000, 0x00000000aa300000, 0x00000000e0000000)
  object space 166912K, 66% used [0x00000000a0000000,0x00000000a6c987b8,0x00000000aa300000)
 Metaspace       used 157600K, capacity 167674K, committed 167808K, reserved 1193984K
  class space    used 21146K, capacity 23121K, committed 23168K, reserved 1048576K
Event: 13646.870 GC heap after
Heap after GC invocations=29 (full 5):
 PSYoungGen      total 392192K, used 41860K [0x00000000e0000000, 0x00000000fd100000, 0x0000000100000000)
  eden space 333824K, 0% used [0x00000000e0000000,0x00000000e0000000,0x00000000f4600000)
  from space 58368K, 71% used [0x00000000f9800000,0x00000000fc0e1298,0x00000000fd100000)
  to   space 71168K, 0% used [0x00000000f4600000,0x00000000f4600000,0x00000000f8b80000)
 ParOldGen       total 166912K, used 111209K [0x00000000a0000000, 0x00000000aa300000, 0x00000000e0000000)
  object space 166912K, 66% used [0x00000000a0000000,0x00000000a6c9a7b8,0x00000000aa300000)
 Metaspace       used 157600K, capacity 167674K, committed 167808K, reserved 1193984K
  class space    used 21146K, capacity 23121K, committed 23168K, reserved 1048576K
}
Event: 13648.416 GC heap before
{Heap before GC invocations=30 (full 5):
 PSYoungGen      total 392192K, used 375684K [0x00000000e0000000, 0x00000000fd100000, 0x0000000100000000)
  eden space 333824K, 100% used [0x00000000e0000000,0x00000000f4600000,0x00000000f4600000)
  from space 58368K, 71% used [0x00000000f9800000,0x00000000fc0e1298,0x00000000fd100000)
  to   space 71168K, 0% used [0x00000000f4600000,0x00000000f4600000,0x00000000f8b80000)
 ParOldGen       total 166912K, used 111209K [0x00000000a0000000, 0x00000000aa300000, 0x00000000e0000000)
  object space 166912K, 66% used [0x00000000a0000000,0x00000000a6c9a7b8,0x00000000aa300000)
 Metaspace       used 161347K, capacity 171584K, committed 171904K, reserved 1198080K
  class space    used 21547K, capacity 23564K, committed 23680K, reserved 1048576K
Event: 13648.436 GC heap after
Heap after GC invocations=30 (full 5):
 PSYoungGen      total 367616K, used 45646K [0x00000000e0000000, 0x00000000fc700000, 0x0000000100000000)
  eden space 321536K, 0% used [0x00000000e0000000,0x00000000e0000000,0x00000000f3a00000)
  from space 46080K, 99% used [0x00000000f4600000,0x00000000f7293998,0x00000000f7300000)
  to   space 72192K, 0% used [0x00000000f8080000,0x00000000f8080000,0x00000000fc700000)
 ParOldGen       total 166912K, used 111217K [0x00000000a0000000, 0x00000000aa300000, 0x00000000e0000000)
  object space 166912K, 66% used [0x00000000a0000000,0x00000000a6c9c7b8,0x00000000aa300000)
 Metaspace       used 161347K, capacity 171584K, committed 171904K, reserved 1198080K
  class space    used 21547K, capacity 23564K, committed 23680K, reserved 1048576K
}
Event: 13649.845 GC heap before
{Heap before GC invocations=31 (full 5):
 PSYoungGen      total 367616K, used 132764K [0x00000000e0000000, 0x00000000fc700000, 0x0000000100000000)
  eden space 321536K, 27% used [0x00000000e0000000,0x00000000e5513758,0x00000000f3a00000)
  from space 46080K, 99% used [0x00000000f4600000,0x00000000f7293998,0x00000000f7300000)
  to   space 72192K, 0% used [0x00000000f8080000,0x00000000f8080000,0x00000000fc700000)
 ParOldGen       total 166912K, used 111217K [0x00000000a0000000, 0x00000000aa300000, 0x00000000e0000000)
  object space 166912K, 66% used [0x00000000a0000000,0x00000000a6c9c7b8,0x00000000aa300000)
 Metaspace       used 162410K, capacity 172672K, committed 172800K, reserved 1198080K
  class space    used 21718K, capacity 23740K, committed 23808K, reserved 1048576K

Deoptimization events (10 events):
Event: 13648.358 Thread 0x000000001acd4000 Uncommon trap: reason=unstable_if action=reinterpret pc=0x0000000002a580a8 method=java.util.concurrent.ConcurrentHashMap.get(Ljava/lang/Object;)Ljava/lang/Object; @ 152
Event: 13648.441 Thread 0x0000000019807800 Uncommon trap: reason=unstable_if action=reinterpret pc=0x0000000006469944 method=java.util.concurrent.ConcurrentLinkedQueue.offer(Ljava/lang/Object;)Z @ 72
Event: 13649.069 Thread 0x000000001a4d1800 Uncommon trap: reason=class_check action=maybe_recompile pc=0x00000000072bc798 method=com.google.common.collect.IndexedImmutableSet$1.get(I)Ljava/lang/Object; @ 5
Event: 13649.069 Thread 0x000000001a4d1800 Uncommon trap: reason=class_check action=maybe_recompile pc=0x00000000072bc788 method=com.google.common.collect.ImmutableList$1.get(I)Ljava/lang/Object; @ 5
Event: 13649.069 Thread 0x000000001a4d1800 Uncommon trap: reason=class_check action=maybe_recompile pc=0x00000000072bc788 method=com.google.common.collect.ImmutableList$1.get(I)Ljava/lang/Object; @ 5
Event: 13649.069 Thread 0x000000001a4d1800 Uncommon trap: reason=class_check action=maybe_recompile pc=0x00000000072bc788 method=com.google.common.collect.ImmutableList$1.get(I)Ljava/lang/Object; @ 5
Event: 13649.069 Thread 0x000000001a4d1800 Uncommon trap: reason=class_check action=maybe_recompile pc=0x00000000072bc788 method=com.google.common.collect.ImmutableList$1.get(I)Ljava/lang/Object; @ 5
Event: 13649.123 Thread 0x0000000019809000 Uncommon trap: reason=unstable_if action=reinterpret pc=0x00000000064d9d00 method=org.gradle.cache.internal.btree.BTreePersistentIndexedCache$DataBlock.useNewValue(Ljava/lang/Object;)Lorg/gradle/cache/internal/btree/BTreePersistentIndexedCache$DataBlockUp
Event: 13649.147 Thread 0x000000001acd4000 Uncommon trap: reason=class_check action=maybe_recompile pc=0x00000000043a09c0 method=org.gradle.api.internal.artifacts.transform.DefaultTransformationNodeRegistry.getIfExecuted(Lorg/gradle/api/artifacts/component/ComponentArtifactIdentifier;Lorg/gradle/a
Event: 13649.147 Thread 0x000000001acd4000 Uncommon trap: reason=class_check action=maybe_recompile pc=0x00000000043a09c0 method=org.gradle.api.internal.artifacts.transform.DefaultTransformationNodeRegistry.getIfExecuted(Lorg/gradle/api/artifacts/component/ComponentArtifactIdentifier;Lorg/gradle/a

Internal exceptions (10 events):
Event: 13648.510 Thread 0x000000001acd4000 Exception <a 'java/lang/NoSuchMethodError': <clinit>> (0x00000000e26b79d0) thrown at [C:\re\workspace\8-2-build-windows-amd64-cygwin\jdk8u131\8869\hotspot\src\share\vm\prims\jni.cpp, line 1613]
Event: 13648.511 Thread 0x000000001acd4000 Exception <a 'java/lang/NoSuchMethodError': <clinit>> (0x00000000e26d8cf8) thrown at [C:\re\workspace\8-2-build-windows-amd64-cygwin\jdk8u131\8869\hotspot\src\share\vm\prims\jni.cpp, line 1613]
Event: 13648.512 Thread 0x000000001acd4000 Exception <a 'java/lang/NoSuchMethodError': <clinit>> (0x00000000e26f6ab0) thrown at [C:\re\workspace\8-2-build-windows-amd64-cygwin\jdk8u131\8869\hotspot\src\share\vm\prims\jni.cpp, line 1613]
Event: 13648.513 Thread 0x000000001acd4000 Exception <a 'java/lang/NoSuchMethodError': <clinit>> (0x00000000e28dacb0) thrown at [C:\re\workspace\8-2-build-windows-amd64-cygwin\jdk8u131\8869\hotspot\src\share\vm\prims\jni.cpp, line 1613]
Event: 13649.070 Thread 0x000000001a4d1800 Exception <a 'sun/nio/fs/WindowsException'> (0x00000000e3a392e8) thrown at [C:\re\workspace\8-2-build-windows-amd64-cygwin\jdk8u131\8869\hotspot\src\share\vm\prims\jni.cpp, line 709]
Event: 13649.070 Thread 0x000000001a4d1800 Exception <a 'sun/nio/fs/WindowsException'> (0x00000000e3a39b50) thrown at [C:\re\workspace\8-2-build-windows-amd64-cygwin\jdk8u131\8869\hotspot\src\share\vm\prims\jni.cpp, line 709]
Event: 13649.070 Thread 0x000000001a4d1800 Exception <a 'sun/nio/fs/WindowsException'> (0x00000000e3a3a580) thrown at [C:\re\workspace\8-2-build-windows-amd64-cygwin\jdk8u131\8869\hotspot\src\share\vm\prims\jni.cpp, line 709]
Event: 13649.818 Thread 0x000000001acd4000 JVM_StopThread thread JavaThread 0x0000000020779000 as oop 0x00000000e5242110 [exception 0x000000001b768890]
Event: 13649.843 Thread 0x000000001acd4000 Exception <a 'java/lang/NoSuchMethodError': <clinit>> (0x00000000e53f9258) thrown at [C:\re\workspace\8-2-build-windows-amd64-cygwin\jdk8u131\8869\hotspot\src\share\vm\prims\jni.cpp, line 1613]
Event: 13649.844 Thread 0x000000001acd4000 Exception <a 'java/lang/NoSuchMethodError': <clinit>> (0x00000000e540b790) thrown at [C:\re\workspace\8-2-build-windows-amd64-cygwin\jdk8u131\8869\hotspot\src\share\vm\prims\jni.cpp, line 1613]

Events (10 events):
Event: 13649.840 loading class org/jetbrains/kotlin/daemon/common/CompileService$Companion done
Event: 13649.840 loading class org/jetbrains/kotlin/cli/common/repl/ReplCodeLine$Companion
Event: 13649.840 loading class org/jetbrains/kotlin/cli/common/repl/ReplCodeLine$Companion done
Event: 13649.841 loading class org/jetbrains/kotlin/daemon/common/CompilationOptions$Companion
Event: 13649.841 loading class org/jetbrains/kotlin/daemon/common/CompilationOptions$Companion done
Event: 13649.844 Thread 0x0000000020776000 Thread added: 0x0000000020776000
Event: 13649.844 Thread 0x0000000020775000 Thread added: 0x0000000020775000
Event: 13649.845 Executing VM operation: RevokeBias
Event: 13649.845 Executing VM operation: RevokeBias done
Event: 13649.845 Executing VM operation: ParallelGCSystemGC


Dynamic libraries:
0x00007ff79f850000 - 0x00007ff79f887000 	C:\A_MySoft\04_Java\jdk1.8.0_131\bin\java.exe
0x00007ff8843c0000 - 0x00007ff8845b0000 	C:\WINDOWS\SYSTEM32\ntdll.dll
0x00007ff882c70000 - 0x00007ff882d22000 	C:\WINDOWS\System32\KERNEL32.DLL
0x00007ff881350000 - 0x00007ff8815f3000 	C:\WINDOWS\System32\KERNELBASE.dll
0x00007ff884090000 - 0x00007ff884133000 	C:\WINDOWS\System32\ADVAPI32.dll
0x00007ff883500000 - 0x00007ff88359e000 	C:\WINDOWS\System32\msvcrt.dll
0x00007ff8837c0000 - 0x00007ff883857000 	C:\WINDOWS\System32\sechost.dll
0x00007ff883690000 - 0x00007ff8837b0000 	C:\WINDOWS\System32\RPCRT4.dll
0x00007ff884170000 - 0x00007ff884304000 	C:\WINDOWS\System32\USER32.dll
0x00007ff881680000 - 0x00007ff8816a1000 	C:\WINDOWS\System32\win32u.dll
0x00007ff882d30000 - 0x00007ff882d56000 	C:\WINDOWS\System32\GDI32.dll
0x00007ff881930000 - 0x00007ff881ac4000 	C:\WINDOWS\System32\gdi32full.dll
0x00007ff8823d0000 - 0x00007ff88246e000 	C:\WINDOWS\System32\msvcp_win.dll
0x00007ff8816b0000 - 0x00007ff8817aa000 	C:\WINDOWS\System32\ucrtbase.dll
0x00007ff87f7c0000 - 0x00007ff87fa45000 	C:\WINDOWS\WinSxS\amd64_microsoft.windows.common-controls_6595b64144ccf1df_6.0.18362.720_none_e6beb5c51314836b\COMCTL32.dll
0x00007ff8838c0000 - 0x00007ff883bf6000 	C:\WINDOWS\System32\combase.dll
0x00007ff882250000 - 0x00007ff8822d0000 	C:\WINDOWS\System32\bcryptPrimitives.dll
0x00007ff882c40000 - 0x00007ff882c6e000 	C:\WINDOWS\System32\IMM32.DLL
0x0000000059990000 - 0x0000000059a62000 	C:\A_MySoft\04_Java\jdk1.8.0_131\jre\bin\msvcr100.dll
0x00000000590f0000 - 0x000000005998c000 	C:\A_MySoft\04_Java\jdk1.8.0_131\jre\bin\server\jvm.dll
0x00007ff884310000 - 0x00007ff884318000 	C:\WINDOWS\System32\PSAPI.DLL
0x00007ff8808d0000 - 0x00007ff8808da000 	C:\WINDOWS\SYSTEM32\VERSION.dll
0x00007ff872460000 - 0x00007ff872469000 	C:\WINDOWS\SYSTEM32\WSOCK32.dll
0x00007ff879850000 - 0x00007ff879874000 	C:\WINDOWS\SYSTEM32\WINMM.dll
0x00007ff883620000 - 0x00007ff88368f000 	C:\WINDOWS\System32\WS2_32.dll
0x00007ff879600000 - 0x00007ff87962d000 	C:\WINDOWS\SYSTEM32\winmmbase.dll
0x00007ff882380000 - 0x00007ff8823ca000 	C:\WINDOWS\System32\cfgmgr32.dll
0x000000005aab0000 - 0x000000005aabf000 	C:\A_MySoft\04_Java\jdk1.8.0_131\jre\bin\verify.dll
0x000000005aa80000 - 0x000000005aaa9000 	C:\A_MySoft\04_Java\jdk1.8.0_131\jre\bin\java.dll
0x000000005aa60000 - 0x000000005aa76000 	C:\A_MySoft\04_Java\jdk1.8.0_131\jre\bin\zip.dll
0x00007ff882e10000 - 0x00007ff8834f5000 	C:\WINDOWS\System32\SHELL32.dll
0x00007ff883c70000 - 0x00007ff883d19000 	C:\WINDOWS\System32\shcore.dll
0x00007ff881ad0000 - 0x00007ff882250000 	C:\WINDOWS\System32\windows.storage.dll
0x00007ff8812b0000 - 0x00007ff8812d3000 	C:\WINDOWS\System32\profapi.dll
0x00007ff8812e0000 - 0x00007ff88132a000 	C:\WINDOWS\System32\powrprof.dll
0x00007ff881280000 - 0x00007ff881290000 	C:\WINDOWS\System32\UMPDC.dll
0x00007ff883860000 - 0x00007ff8838b2000 	C:\WINDOWS\System32\shlwapi.dll
0x00007ff881330000 - 0x00007ff881341000 	C:\WINDOWS\System32\kernel.appcore.dll
0x00007ff881660000 - 0x00007ff881677000 	C:\WINDOWS\System32\cryptsp.dll
0x000000005aa40000 - 0x000000005aa5a000 	C:\A_MySoft\04_Java\jdk1.8.0_131\jre\bin\net.dll
0x00007ff8805f0000 - 0x00007ff880657000 	C:\WINDOWS\system32\mswsock.dll
0x000000005aa20000 - 0x000000005aa31000 	C:\A_MySoft\04_Java\jdk1.8.0_131\jre\bin\nio.dll
0x00007ff873d90000 - 0x00007ff873db6000 	C:\Users\tongs\.gradle\native\30\windows-amd64\native-platform.dll
0x000000005aa10000 - 0x000000005aa1d000 	C:\A_MySoft\04_Java\jdk1.8.0_131\jre\bin\management.dll
0x00007ff880170000 - 0x00007ff8801a3000 	C:\WINDOWS\system32\rsaenh.dll
0x00007ff8817b0000 - 0x00007ff8817d6000 	C:\WINDOWS\System32\bcrypt.dll
0x00007ff881170000 - 0x00007ff881195000 	C:\WINDOWS\SYSTEM32\USERENV.dll
0x00007ff8807c0000 - 0x00007ff8807cc000 	C:\WINDOWS\SYSTEM32\CRYPTBASE.dll
0x00007ff880310000 - 0x00007ff88034a000 	C:\WINDOWS\SYSTEM32\IPHLPAPI.DLL
0x00007ff8837b0000 - 0x00007ff8837b8000 	C:\WINDOWS\System32\NSI.dll
0x00007ff87c380000 - 0x00007ff87c396000 	C:\WINDOWS\SYSTEM32\dhcpcsvc6.DLL
0x00007ff87c200000 - 0x00007ff87c21c000 	C:\WINDOWS\SYSTEM32\dhcpcsvc.DLL
0x00007ff880350000 - 0x00007ff88041a000 	C:\WINDOWS\SYSTEM32\DNSAPI.dll
0x00007ff873df0000 - 0x00007ff873e0e000 	C:\Users\tongs\AppData\Local\Temp\native-platform5042554885981581248dir\native-platform.dll
0x00000000590c0000 - 0x00000000590e4000 	C:\A_MySoft\04_Java\jdk1.8.0_131\jre\bin\sunec.dll
0x00007ff87b420000 - 0x00007ff87b42a000 	C:\Windows\System32\rasadhlp.dll
0x00007ff87bdd0000 - 0x00007ff87be47000 	C:\WINDOWS\System32\fwpuclnt.dll
0x00000000590b0000 - 0x00000000590bb000 	C:\A_MySoft\04_Java\jdk1.8.0_131\jre\bin\sunmscapi.dll
0x00007ff8817e0000 - 0x00007ff881929000 	C:\WINDOWS\System32\CRYPT32.dll
0x00007ff881290000 - 0x00007ff8812a2000 	C:\WINDOWS\System32\MSASN1.dll
0x00007ff880d00000 - 0x00007ff880d31000 	C:\WINDOWS\SYSTEM32\ntmarta.dll
0x00007ff87eb70000 - 0x00007ff87ebff000 	C:\WINDOWS\system32\apphelp.dll
0x0000000058f10000 - 0x00000000590a8000 	C:\A_MySoft\04_Java\jdk1.8.0_131\jre\bin\awt.dll
0x00007ff882b10000 - 0x00007ff882bd4000 	C:\WINDOWS\System32\OLEAUT32.dll
0x00007ff87f090000 - 0x00007ff87f0bd000 	C:\WINDOWS\system32\DWMAPI.DLL
0x00007ff87ec70000 - 0x00007ff87ed09000 	C:\WINDOWS\system32\uxtheme.dll
0x0000000058ee0000 - 0x0000000058f0a000 	C:\A_MySoft\04_Java\jdk1.8.0_131\jre\bin\dcpr.dll
0x00007ff87f770000 - 0x00007ff87f78e000 	C:\Users\tongs\AppData\Local\Temp\native-platform2852196494093990608dir\native-platform.dll
0x00007ff880d40000 - 0x00007ff880f34000 	C:\WINDOWS\SYSTEM32\dbghelp.dll

VM Arguments:
jvm_args: -Xmx1536m -Dfile.encoding=GBK -Duser.country=CN -Duser.language=zh -Duser.variant 
java_command: org.gradle.launcher.daemon.bootstrap.GradleDaemon 5.6.4
java_class_path (initial): C:\Users\tongs\.gradle\wrapper\dists\gradle-5.6.4-all\ankdp27end7byghfw1q2sw75f\gradle-5.6.4\lib\gradle-launcher-5.6.4.jar
Launcher Type: SUN_STANDARD

Environment Variables:
JAVA_HOME=C:\A_MySoft\04_Java\jdk1.8.0_131
CLASSPATH=D:\02.AndroidStudy\00.UploadGithub\ktBaseLibrary\\gradle\wrapper\gradle-wrapper.jar
PATH=C:\A_MySoft\xshell\;C:\ProgramData\Oracle\Java\javapath;C:\Program Files (x86)\Intel\Intel(R) Management Engine Components\iCLS\;C:\Program Files\Intel\Intel(R) Management Engine Components\iCLS\;C:\windows\system32;C:\windows;C:\windows\System32\Wbem;C:\windows\System32\WindowsPowerShell\v1.0\;C:\windows\System32\OpenSSH\;C:\Program Files (x86)\Intel\Intel(R) Management Engine Components\DAL;C:\Program Files\Intel\Intel(R) Management Engine Components\DAL;C:\Program Files (x86)\Intel\Intel(R) Management Engine Components\IPT;C:\Program Files\Intel\Intel(R) Management Engine Components\IPT;C:\A_MySoft\06_Git\cmd;C:\A_MySoft\03_TortoiseSVN\bin;C:\A_MySoft\04_Java\jdk1.8.0_131\bin;C:\A_MySoft\04_Java\jdk1.8.0_131\jre\bin;C:\A_MySoft\05_Android\02_SDK\platform-tools;C:\Users\tongs\AppData\Local\Microsoft\WindowsApps;C:\A_MySoft\Fiddler;C:\adb;C:\WINDOWS\system32;C:\WINDOWS;C:\WINDOWS\System32\Wbem;C:\WINDOWS\System32\WindowsPowerShell\v1.0\;C:\WINDOWS\System32\OpenSSH\;C:\Users\tongs\AppData\Local\Microsoft\WindowsApps;C:\A_MySoft\Fiddler;C:\Users\tongs\AppData\Local\Microsoft\WindowsApps;C:\Users\tongs\AppData\Local\BypassRuntm
USERNAME=tongs
OS=Windows_NT
PROCESSOR_IDENTIFIER=Intel64 Family 6 Model 158 Stepping 10, GenuineIntel



---------------  S Y S T E M  ---------------

OS: Windows 10.0 , 64 bit Build 18362 (10.0.18362.329)

CPU:total 6 (initial active 6) (6 cores per cpu, 1 threads per core) family 6 model 158 stepping 10, cmov, cx8, fxsr, mmx, sse, sse2, sse3, ssse3, sse4.1, sse4.2, popcnt, avx, avx2, aes, clmul, erms, rtm, 3dnowpref, lzcnt, tsc, tscinvbit, bmi1, bmi2, adx

Memory: 4k page, physical 16608760k(6351028k free), swap 19361272k(6888320k free)

vm_info: Java HotSpot(TM) 64-Bit Server VM (25.131-b11) for windows-amd64 JRE (1.8.0_131-b11), built on Mar 15 2017 01:23:53 by "java_re" with MS VC++ 10.0 (VS2010)

time: Thu Apr 09 13:32:13 2020
elapsed time: 13649 seconds (0d 3h 47m 29s)

