#
# A fatal error has been detected by the Java Runtime Environment:
#
#  EXCEPTION_ACCESS_VIOLATION (0xc0000005) at pc=0x000000005efd37cb, pid=11892, tid=5924
#
# JRE version: Java(TM) SE Runtime Environment (8.0_91-b15) (build 1.8.0_91-b15)
# Java VM: Java HotSpot(TM) 64-Bit Server VM (25.91-b15 mixed mode windows-amd64 compressed oops)
# Problematic frame:
# V  [jvm.dll+0x1137cb]
#
# Failed to write core dump. Minidumps are not enabled by default on client versions of Windows
#
# If you would like to submit a bug report, please visit:
#   http://bugreport.java.com/bugreport/crash.jsp
#

---------------  T H R E A D  ---------------

Current thread (0x000000000330b000):  GCTaskThread [stack: 0x0000000012fc0000,0x00000000130c0000] [id=5924]

siginfo: ExceptionCode=0xc0000005, reading address 0x0000000515aee888

Registers:
RAX=0x00000000132c0000, RBX=0x00000000a2b5d860, RCX=0x0000000000000003, RDX=0x0000000000000001
RSP=0x00000000130bf5f0, RBP=0x00000000a2b1d850, RSI=0x00000000033e0ef0, RDI=0x00000000033e0ef0
R8 =0x0000000515aee880, R9 =0x0000000100373ff0, R10=0x000000000000000c, R11=0x000000005f4b99b8
R12=0x00000000a2b1d85c, R13=0x00000001003741f8, R14=0x0000000100374200, R15=0x00000000a2b1d840
RIP=0x000000005efd37cb, EFLAGS=0x0000000000010202

Top of Stack: (sp=0x00000000130bf5f0)
0x00000000130bf5f0:   0000000100373ff0 00000000a28b3984
0x00000000130bf600:   0000000000000009 000000005f0dbab2
0x00000000130bf610:   0000000000000000 00000000000003d8
0x00000000130bf620:   000000000330bd28 00000000032fd630
0x00000000130bf630:   0000000000003f80 000000005f2b3a40
0x00000000130bf640:   0000000017a84c48 0000000003396190
0x00000000130bf650:   00000000033e0ef0 000000000330b950
0x00000000130bf660:   0000000000000000 0000000000000c00
0x00000000130bf670:   0000000000000000 0000000000000000
0x00000000130bf680:   0000000000000000 000000002d0c0800
0x00000000130bf690:   0000000000000001 0000560f00003b01
0x00000000130bf6a0:   000012ce51f7b246 000000000330bd28
0x00000000130bf6b0:   000000000330b950 00000000000003d8
0x00000000130bf6c0:   000000000330b950 00000000032fd630
0x00000000130bf6d0:   000000000330b940 0000000003396190
0x00000000130bf6e0:   00000000033e0ef0 000000005f2b09b3 

Instructions: (pc=0x000000005efd37cb)
0x000000005efd37ab:   6f 00 84 d2 74 16 44 8b 43 08 8b 0d e5 3f 68 00
0x000000005efd37bb:   49 d3 e0 4c 03 05 d3 3f 68 00 eb 04 4c 8b 43 08
0x000000005efd37cb:   45 8b 48 08 45 85 c9 7e 0c 41 f6 c1 01 75 4b 41
0x000000005efd37db:   c1 f9 03 eb 57 79 43 84 d2 41 8b c9 b8 10 00 00 


Register to memory mapping:

RAX=0x00000000132c0000 is an unknown value
RBX=0x00000000a2b5d860 is pointing into object: 0x00000000a2b5d838
java.lang.Class$ReflectionData 
 - klass: 'java/lang/Class$ReflectionData'
RCX=0x0000000000000003 is an unknown value
RDX=0x0000000000000001 is an unknown value
RSP=0x00000000130bf5f0 is an unknown value
RBP=0x00000000a2b1d850 is pointing into object: 0x00000000a2b1d840
org.codehaus.groovy.util.SingleKeyHashMap$Entry 
 - klass: 'org/codehaus/groovy/util/SingleKeyHashMap$Entry'
RSI=0x00000000033e0ef0 is an unknown value
RDI=0x00000000033e0ef0 is an unknown value
R8 =0x0000000515aee880 is an unknown value
R9 =0x0000000100373ff0 is pointing into metadata
R10=0x000000000000000c is an unknown value
R11=0x000000005f4b99b8 is an unknown value
R12=0x00000000a2b1d85c is pointing into object: 0x00000000a2b1d840
org.codehaus.groovy.util.SingleKeyHashMap$Entry 
 - klass: 'org/codehaus/groovy/util/SingleKeyHashMap$Entry'
R13=0x00000001003741f8 is pointing into metadata
R14=0x0000000100374200 is pointing into metadata
R15=0x00000000a2b1d840 is an oop
org.codehaus.groovy.util.SingleKeyHashMap$Entry 
 - klass: 'org/codehaus/groovy/util/SingleKeyHashMap$Entry'


Stack: [0x0000000012fc0000,0x00000000130c0000],  sp=0x00000000130bf5f0,  free space=1021k
Native frames: (J=compiled Java code, j=interpreted, Vv=VM code, C=native code)
V  [jvm.dll+0x1137cb]
V  [jvm.dll+0x3f3a40]
V  [jvm.dll+0x3f09b3]
V  [jvm.dll+0x3ee81e]
V  [jvm.dll+0x29a99a]
C  [msvcr100.dll+0x21d9f]
C  [msvcr100.dll+0x21e3b]
C  [KERNEL32.DLL+0x17bd4]
C  [ntdll.dll+0x6ced1]


---------------  P R O C E S S  ---------------

Java Threads: ( => current thread )
  0x000000002d0c0800 JavaThread "WorkerExecutor Queue Thread 18" [_thread_blocked, id=5908, stack(0x000000002f270000,0x000000002f370000)]
  0x000000002d0b6800 JavaThread "WorkerExecutor Queue Thread 17" [_thread_blocked, id=13140, stack(0x000000002ec80000,0x000000002ed80000)]
  0x000000002d0bd800 JavaThread "WorkerExecutor Queue Thread 16" [_thread_blocked, id=11292, stack(0x0000000029460000,0x0000000029560000)]
  0x000000002d0ba800 JavaThread "WorkerExecutor Queue Thread 15" [_thread_blocked, id=12716, stack(0x0000000028d60000,0x0000000028e60000)]
  0x000000002d0b6000 JavaThread "WorkerExecutor Queue Thread 14" [_thread_blocked, id=1420, stack(0x0000000027860000,0x0000000027960000)]
  0x000000002d0bc800 JavaThread "RMI TCP Connection(6)-127.0.0.1" daemon [_thread_in_native, id=13144, stack(0x000000002dba0000,0x000000002dca0000)]
  0x000000002d0b9000 JavaThread "RMI RenewClean-[127.0.0.1:17465,org.jetbrains.kotlin.daemon.common.LoopbackNetworkInterface$ClientLoopbackSocketFactory@3c1755b4]" daemon [_thread_blocked, id=628, stack(0x0000000029160000,0x0000000029260000)]
  0x000000002d0b5000 JavaThread "RMI TCP Connection(7)-127.0.0.1" daemon [_thread_in_native, id=7672, stack(0x0000000030750000,0x0000000030850000)]
  0x000000002d0bc000 JavaThread "RMI RenewClean-[127.0.0.1:17465,org.jetbrains.kotlin.daemon.common.LoopbackNetworkInterface$ClientLoopbackSocketFactory@5f3e37f7]" daemon [_thread_blocked, id=12220, stack(0x000000002f470000,0x000000002f570000)]
  0x000000002d0bb000 JavaThread "ForkJoinPool.commonPool-worker-0" daemon [_thread_blocked, id=11976, stack(0x0000000030860000,0x0000000030960000)]
  0x000000002d0b7800 JavaThread "ForkJoinPool.commonPool-worker-6" daemon [_thread_blocked, id=8852, stack(0x000000002f870000,0x000000002f970000)]
  0x000000002d0b9800 JavaThread "RMI TCP Connection(4)-127.0.0.1" daemon [_thread_in_native, id=12708, stack(0x000000002f570000,0x000000002f670000)]
  0x000000001e30f000 JavaThread "WorkerExecutor Queue Thread 12" [_thread_blocked, id=8736, stack(0x0000000029560000,0x0000000029660000)]
  0x000000001e315000 JavaThread "RMI TCP Connection(3)-127.0.0.1" daemon [_thread_in_native, id=2292, stack(0x000000002e980000,0x000000002ea80000)]
  0x000000001e313800 JavaThread "Cache worker for Java compile cache (D:\02.AndroidStudy\00.UploadGithub\ktBaseLibrary\.gradle\5.6.4\javaCompile)" [_thread_blocked, id=6840, stack(0x0000000029760000,0x0000000029860000)]
  0x0000000019af3800 JavaThread "Cache worker for Java compile cache (C:\Users\tongs\.gradle\caches\5.6.4\javaCompile)" [_thread_blocked, id=7868, stack(0x0000000028f60000,0x0000000029060000)]
  0x0000000019af0800 JavaThread "RMI TCP Connection(2)-127.0.0.1" daemon [_thread_in_native, id=11928, stack(0x000000002f670000,0x000000002f770000)]
  0x000000001ee26800 JavaThread "ForkJoinPool-2-worker-6" daemon [_thread_blocked, id=4376, stack(0x000000002f370000,0x000000002f470000)]
  0x000000001ee2b800 JavaThread "WorkerExecutor Queue Thread 10" [_thread_blocked, id=11416, stack(0x000000002ea80000,0x000000002eb80000)]
  0x000000001e310800 JavaThread "RMI TCP Connection(1)-127.0.0.1" daemon [_thread_in_native, id=8112, stack(0x000000002daa0000,0x000000002dba0000)]
  0x000000001e312000 JavaThread "RMI Reaper" [_thread_blocked, id=12456, stack(0x0000000028e60000,0x0000000028f60000)]
  0x000000001e311800 JavaThread "RMI TCP Accept-0" daemon [_thread_in_native, id=11356, stack(0x0000000027c60000,0x0000000027d60000)]
  0x000000001e310000 JavaThread "GC Daemon" daemon [_thread_blocked, id=12500, stack(0x0000000027b60000,0x0000000027c60000)]
  0x000000001e30e800 JavaThread "RMI RenewClean-[127.0.0.1:17465,org.jetbrains.kotlin.daemon.common.LoopbackNetworkInterface$ClientLoopbackSocketFactory@39002475]" daemon [_thread_blocked, id=12472, stack(0x0000000027960000,0x0000000027a60000)]
  0x000000001e30d800 JavaThread "RMI Scheduler(0)" daemon [_thread_blocked, id=8968, stack(0x0000000027760000,0x0000000027860000)]
  0x000000001e308800 JavaThread "ForkJoinPool.commonPool-worker-5" daemon [_thread_blocked, id=13172, stack(0x0000000029860000,0x0000000029960000)]
  0x000000001ee2e000 JavaThread "ForkJoinPool-2-worker-4" daemon [_thread_blocked, id=10012, stack(0x0000000029060000,0x0000000029160000)]
  0x000000001ee2b000 JavaThread "stdout" [_thread_in_native, id=11812, stack(0x0000000028c60000,0x0000000028d60000)]
  0x000000001ee2c800 JavaThread "stderr" [_thread_in_native, id=12584, stack(0x0000000028b60000,0x0000000028c60000)]
  0x000000001ee32000 JavaThread "stdout" [_thread_in_native, id=7028, stack(0x0000000028a60000,0x0000000028b60000)]
  0x000000001ee2f800 JavaThread "stderr" [_thread_in_native, id=2176, stack(0x0000000028960000,0x0000000028a60000)]
  0x000000001ee31000 JavaThread "stdout" [_thread_in_native, id=13272, stack(0x0000000028860000,0x0000000028960000)]
  0x000000001ee30800 JavaThread "stderr" [_thread_in_native, id=3108, stack(0x0000000028760000,0x0000000028860000)]
  0x000000001ee25000 JavaThread "stdout" [_thread_in_native, id=11212, stack(0x0000000028660000,0x0000000028760000)]
  0x000000001ee2a000 JavaThread "stderr" [_thread_in_native, id=11380, stack(0x0000000028560000,0x0000000028660000)]
  0x000000001ee25800 JavaThread "stdout" [_thread_in_native, id=5436, stack(0x0000000028460000,0x0000000028560000)]
  0x000000001ee23800 JavaThread "stderr" [_thread_in_native, id=12824, stack(0x0000000028360000,0x0000000028460000)]
  0x000000001ee24000 JavaThread "stdout" [_thread_in_native, id=11624, stack(0x0000000028260000,0x0000000028360000)]
  0x000000001ee28800 JavaThread "stderr" [_thread_in_native, id=11732, stack(0x0000000028160000,0x0000000028260000)]
  0x000000001ee22800 JavaThread "pool-5-thread-1" [_thread_blocked, id=12276, stack(0x0000000028060000,0x0000000028160000)]
  0x000000001ee29800 JavaThread "Java2D Disposer" daemon [_thread_blocked, id=10384, stack(0x0000000027f60000,0x0000000028060000)]
  0x0000000019aef000 JavaThread "Cache worker for execution history cache (D:\02.AndroidStudy\00.UploadGithub\ktBaseLibrary\.gradle\5.6.4\executionHistory)" [_thread_blocked, id=11548, stack(0x0000000027560000,0x0000000027660000)]
  0x0000000019af2000 JavaThread "Execution worker for ':' Thread 5" [_thread_blocked, id=12668, stack(0x0000000027460000,0x0000000027560000)]
  0x0000000019af1000 JavaThread "Execution worker for ':' Thread 4" [_thread_blocked, id=11764, stack(0x0000000027360000,0x0000000027460000)]
  0x0000000019af4800 JavaThread "Execution worker for ':' Thread 3" [_thread_blocked, id=2544, stack(0x0000000027260000,0x0000000027360000)]
  0x0000000019af2800 JavaThread "Execution worker for ':' Thread 2" [_thread_blocked, id=12340, stack(0x0000000027160000,0x0000000027260000)]
  0x0000000019aee000 JavaThread "Execution worker for ':'" [_thread_blocked, id=3040, stack(0x0000000027060000,0x0000000027160000)]
  0x000000001acaf000 JavaThread "Cache worker for file content cache (D:\02.AndroidStudy\00.UploadGithub\ktBaseLibrary\.gradle\5.6.4\fileContent)" [_thread_blocked, id=12160, stack(0x0000000026910000,0x0000000026a10000)]
  0x000000001acae000 JavaThread "Cache worker for file content cache (C:\Users\tongs\.gradle\caches\5.6.4\fileContent)" [_thread_blocked, id=7800, stack(0x0000000025d80000,0x0000000025e80000)]
  0x000000001da86800 JavaThread "Cache worker for Build Output Cleanup Cache (D:\02.AndroidStudy\00.UploadGithub\ktBaseLibrary\.gradle\buildOutputCleanup)" [_thread_blocked, id=10200, stack(0x0000000026ab0000,0x0000000026bb0000)]
  0x000000001da7f000 JavaThread "Build operations Thread 6" [_thread_blocked, id=11480, stack(0x0000000025230000,0x0000000025330000)]
  0x000000001da85000 JavaThread "Build operations Thread 5" [_thread_blocked, id=12920, stack(0x0000000024590000,0x0000000024690000)]
  0x000000001da83800 JavaThread "Build operations Thread 4" [_thread_blocked, id=6248, stack(0x0000000022cc0000,0x0000000022dc0000)]
  0x000000001da82800 JavaThread "Build operations Thread 3" [_thread_blocked, id=11592, stack(0x0000000022bc0000,0x0000000022cc0000)]
  0x000000001da84000 JavaThread "Build operations Thread 2" [_thread_blocked, id=12968, stack(0x0000000022ac0000,0x0000000022bc0000)]
  0x000000001da7b000 JavaThread "Build operations" [_thread_blocked, id=12732, stack(0x00000000229c0000,0x0000000022ac0000)]
  0x000000001da82000 JavaThread "Cache worker for cache directory md-rule (C:\Users\tongs\.gradle\caches\5.6.4\md-rule)" [_thread_blocked, id=1104, stack(0x00000000228c0000,0x00000000229c0000)]
  0x000000001da7e000 JavaThread "Cache worker for cache directory md-supplier (C:\Users\tongs\.gradle\caches\5.6.4\md-supplier)" [_thread_blocked, id=8808, stack(0x0000000022560000,0x0000000022660000)]
  0x000000001da7a000 JavaThread "Cache worker for file hash cache (D:\02.AndroidStudy\00.UploadGithub\ktBaseLibrary\.gradle\5.6.4\fileHashes)" [_thread_blocked, id=10292, stack(0x0000000022350000,0x0000000022450000)]
  0x000000001da81000 JavaThread "Thread-28" [_thread_blocked, id=12660, stack(0x0000000020a20000,0x0000000020b20000)]
  0x000000001da79800 JavaThread "Stdin handler" [_thread_blocked, id=11076, stack(0x000000001e130000,0x000000001e230000)]
  0x000000001da7d800 JavaThread "Asynchronous log dispatcher for DefaultDaemonConnection: socket connection from /127.0.0.1:52386 to /127.0.0.1:52399" [_thread_blocked, id=12804, stack(0x000000001c960000,0x000000001ca60000)]
  0x000000001da7c800 JavaThread "Cancel handler" [_thread_blocked, id=11900, stack(0x000000001c560000,0x000000001c660000)]
  0x000000001da78800 JavaThread "Handler for socket connection from /127.0.0.1:52386 to /127.0.0.1:52399" [_thread_in_native, id=868, stack(0x000000001c260000,0x000000001c360000)]
  0x000000001da85800 JavaThread "Memory manager" [_thread_blocked, id=11460, stack(0x0000000024ad0000,0x0000000024bd0000)]
  0x000000001da7f800 JavaThread "Cache worker for execution history cache (C:\Users\tongs\.gradle\caches\5.6.4\executionHistory)" [_thread_blocked, id=5176, stack(0x0000000022460000,0x0000000022560000)]
  0x000000001acad800 JavaThread "Cache worker for journal cache (C:\Users\tongs\.gradle\caches\journal-1)" [_thread_blocked, id=10016, stack(0x000000001cc60000,0x000000001cd60000)]
  0x000000001acac800 JavaThread "File lock request listener" [_thread_in_native, id=13208, stack(0x000000001cb60000,0x000000001cc60000)]
  0x000000001acaf800 JavaThread "Cache worker for file hash cache (C:\Users\tongs\.gradle\caches\5.6.4\fileHashes)" [_thread_blocked, id=7568, stack(0x000000001ca60000,0x000000001cb60000)]
  0x000000001abc4800 JavaThread "Daemon worker" [_thread_blocked, id=12196, stack(0x000000001c660000,0x000000001c760000)]
  0x000000001ac38800 JavaThread "Daemon" [_thread_blocked, id=3676, stack(0x000000001c160000,0x000000001c260000)]
  0x000000001aca0800 JavaThread "Daemon periodic checks" [_thread_blocked, id=7272, stack(0x000000001c060000,0x000000001c160000)]
  0x000000001ac21800 JavaThread "Incoming local TCP Connector on port 52386" [_thread_in_native, id=12440, stack(0x000000001beb0000,0x000000001bfb0000)]
  0x000000001abad000 JavaThread "Daemon health stats" [_thread_blocked, id=2604, stack(0x000000001bbb0000,0x000000001bcb0000)]
  0x00000000189e1800 JavaThread "Service Thread" daemon [_thread_blocked, id=11544, stack(0x0000000019210000,0x0000000019310000)]
  0x0000000018958000 JavaThread "C1 CompilerThread2" daemon [_thread_blocked, id=2700, stack(0x0000000019110000,0x0000000019210000)]
  0x0000000018956800 JavaThread "C2 CompilerThread1" daemon [_thread_in_native, id=7076, stack(0x0000000019010000,0x0000000019110000)]
  0x0000000016fbe000 JavaThread "C2 CompilerThread0" daemon [_thread_in_native, id=4344, stack(0x0000000018f10000,0x0000000019010000)]
  0x0000000018953800 JavaThread "Attach Listener" daemon [_thread_blocked, id=12808, stack(0x0000000018e10000,0x0000000018f10000)]
  0x0000000016f9a800 JavaThread "Signal Dispatcher" daemon [_thread_blocked, id=3420, stack(0x0000000018d10000,0x0000000018e10000)]
  0x0000000016f8c800 JavaThread "Finalizer" daemon [_thread_blocked, id=11776, stack(0x0000000018810000,0x0000000018910000)]
  0x00000000033e4000 JavaThread "Reference Handler" daemon [_thread_blocked, id=12248, stack(0x0000000018710000,0x0000000018810000)]
  0x00000000032f1000 JavaThread "main" [_thread_blocked, id=4068, stack(0x00000000031f0000,0x00000000032f0000)]

Other Threads:
  0x0000000016f67000 VMThread [stack: 0x0000000018610000,0x0000000018710000] [id=4636]
  0x0000000018a19800 WatcherThread [stack: 0x0000000019310000,0x0000000019410000] [id=12576]

=>0x000000000330b000 (exited) GCTaskThread [stack: 0x0000000012fc0000,0x00000000130c0000] [id=5924]

VM state:at safepoint (normal execution)

VM Mutex/Monitor currently owned by a thread:  ([mutex/lock_event])
[0x000000000161bbc0] Threads_lock - owner thread: 0x0000000016f67000
[0x000000000161bd40] Heap_lock - owner thread: 0x000000001abc4800

Heap:
 PSYoungGen      total 439808K, used 21953K [0x00000000e0000000, 0x00000000ff580000, 0x0000000100000000)
  eden space 363520K, 0% used [0x00000000e0000000,0x00000000e0000000,0x00000000f6300000)
  from space 76288K, 28% used [0x00000000fab00000,0x00000000fc070778,0x00000000ff580000)
  to   space 73728K, 0% used [0x00000000f6300000,0x00000000f6300000,0x00000000fab00000)
 ParOldGen       total 349184K, used 326641K [0x00000000a0000000, 0x00000000b5500000, 0x00000000e0000000)
  object space 349184K, 93% used [0x00000000a0000000,0x00000000b3efc7e0,0x00000000b5500000)
 Metaspace       used 118209K, capacity 124488K, committed 124760K, reserved 1157120K
  class space    used 15437K, capacity 16739K, committed 16768K, reserved 1048576K

Card table byte_map: [0x00000000127b0000,0x0000000012ac0000] byte_map_base: 0x00000000122b0000

Marking Bits: (ParMarkBitMap*) 0x000000005f6d2f70
 Begin Bits: [0x00000000132c0000, 0x0000000014ac0000)
 End Bits:   [0x0000000014ac0000, 0x00000000162c0000)

Polling page: 0x0000000000df0000

CodeCache: size=245760Kb used=70336Kb max_used=70363Kb free=175423Kb
 bounds [0x00000000033f0000, 0x0000000007900000, 0x00000000123f0000]
 total_blobs=21838 nmethods=20802 adapters=943
 compilation: enabled

Compilation events (10 events):
Event: 44.252 Thread 0x0000000018958000 25630       2       com.android.tools.r8.utils.K0$a::<init> (52 bytes)
Event: 44.253 Thread 0x0000000018958000 nmethod 25630 0x00000000078bde10 code [0x00000000078bdf80, 0x00000000078be208]
Event: 44.257 Thread 0x0000000018958000 25632       2       com.android.tools.r8.code.O3::a (1 bytes)
Event: 44.257 Thread 0x0000000018958000 nmethod 25632 0x00000000078bdad0 code [0x00000000078bdc20, 0x00000000078bdd70]
Event: 44.262 Thread 0x0000000018958000 25633       2       java.util.HashMap::treeifyBin (110 bytes)
Event: 44.263 Thread 0x0000000018958000 nmethod 25633 0x00000000078e4290 code [0x00000000078e4420, 0x00000000078e47e8]
Event: 44.263 Thread 0x0000000018958000 25634       2       java.util.HashMap$TreeNode::treeify (221 bytes)
Event: 44.263 Thread 0x0000000018958000 nmethod 25634 0x00000000078e3790 code [0x00000000078e3940, 0x00000000078e3ea8]
Event: 44.264 Thread 0x0000000018958000 25635       2       java.util.HashMap$TreeNode::rotateRight (91 bytes)
Event: 44.264 Thread 0x0000000018958000 nmethod 25635 0x00000000078e32d0 code [0x00000000078e3420, 0x00000000078e3670]

GC Heap History (10 events):
Event: 43.232 GC heap after
Heap after GC invocations=36 (full 4):
 PSYoungGen      total 423424K, used 17830K [0x00000000e0000000, 0x00000000ff380000, 0x0000000100000000)
  eden space 332800K, 0% used [0x00000000e0000000,0x00000000e0000000,0x00000000f4500000)
  from space 90624K, 19% used [0x00000000f9b00000,0x00000000fac69a00,0x00000000ff380000)
  to   space 88064K, 0% used [0x00000000f4500000,0x00000000f4500000,0x00000000f9b00000)
 ParOldGen       total 349184K, used 262373K [0x00000000a0000000, 0x00000000b5500000, 0x00000000e0000000)
  object space 349184K, 75% used [0x00000000a0000000,0x00000000b00397c8,0x00000000b5500000)
 Metaspace       used 118154K, capacity 124414K, committed 124504K, reserved 1157120K
  class space    used 15436K, capacity 16738K, committed 16768K, reserved 1048576K
}
Event: 43.469 GC heap before
{Heap before GC invocations=37 (full 4):
 PSYoungGen      total 423424K, used 350630K [0x00000000e0000000, 0x00000000ff380000, 0x0000000100000000)
  eden space 332800K, 100% used [0x00000000e0000000,0x00000000f4500000,0x00000000f4500000)
  from space 90624K, 19% used [0x00000000f9b00000,0x00000000fac69a00,0x00000000ff380000)
  to   space 88064K, 0% used [0x00000000f4500000,0x00000000f4500000,0x00000000f9b00000)
 ParOldGen       total 349184K, used 262373K [0x00000000a0000000, 0x00000000b5500000, 0x00000000e0000000)
  object space 349184K, 75% used [0x00000000a0000000,0x00000000b00397c8,0x00000000b5500000)
 Metaspace       used 118170K, capacity 124416K, committed 124504K, reserved 1157120K
  class space    used 15437K, capacity 16739K, committed 16768K, reserved 1048576K
Event: 43.485 GC heap after
Heap after GC invocations=37 (full 4):
 PSYoungGen      total 420864K, used 17929K [0x00000000e0000000, 0x00000000ff680000, 0x0000000100000000)
  eden space 332800K, 0% used [0x00000000e0000000,0x00000000e0000000,0x00000000f4500000)
  from space 88064K, 20% used [0x00000000f4500000,0x00000000f5682408,0x00000000f9b00000)
  to   space 84480K, 0% used [0x00000000fa400000,0x00000000fa400000,0x00000000ff680000)
 ParOldGen       total 349184K, used 273386K [0x00000000a0000000, 0x00000000b5500000, 0x00000000e0000000)
  object space 349184K, 78% used [0x00000000a0000000,0x00000000b0afaa80,0x00000000b5500000)
 Metaspace       used 118170K, capacity 124416K, committed 124504K, reserved 1157120K
  class space    used 15437K, capacity 16739K, committed 16768K, reserved 1048576K
}
Event: 43.737 GC heap before
{Heap before GC invocations=38 (full 4):
 PSYoungGen      total 420864K, used 350729K [0x00000000e0000000, 0x00000000ff680000, 0x0000000100000000)
  eden space 332800K, 100% used [0x00000000e0000000,0x00000000f4500000,0x00000000f4500000)
  from space 88064K, 20% used [0x00000000f4500000,0x00000000f5682408,0x00000000f9b00000)
  to   space 84480K, 0% used [0x00000000fa400000,0x00000000fa400000,0x00000000ff680000)
 ParOldGen       total 349184K, used 273386K [0x00000000a0000000, 0x00000000b5500000, 0x00000000e0000000)
  object space 349184K, 78% used [0x00000000a0000000,0x00000000b0afaa80,0x00000000b5500000)
 Metaspace       used 118178K, capacity 124420K, committed 124504K, reserved 1157120K
  class space    used 15437K, capacity 16739K, committed 16768K, reserved 1048576K
Event: 43.750 GC heap after
Heap after GC invocations=38 (full 4):
 PSYoungGen      total 432640K, used 15966K [0x00000000e0000000, 0x00000000ff580000, 0x0000000100000000)
  eden space 349184K, 0% used [0x00000000e0000000,0x00000000e0000000,0x00000000f5500000)
  from space 83456K, 19% used [0x00000000fa400000,0x00000000fb397ba0,0x00000000ff580000)
  to   space 80896K, 0% used [0x00000000f5500000,0x00000000f5500000,0x00000000fa400000)
 ParOldGen       total 349184K, used 284772K [0x00000000a0000000, 0x00000000b5500000, 0x00000000e0000000)
  object space 349184K, 81% used [0x00000000a0000000,0x00000000b16192a8,0x00000000b5500000)
 Metaspace       used 118178K, capacity 124420K, committed 124504K, reserved 1157120K
  class space    used 15437K, capacity 16739K, committed 16768K, reserved 1048576K
}
Event: 44.021 GC heap before
{Heap before GC invocations=39 (full 4):
 PSYoungGen      total 432640K, used 365150K [0x00000000e0000000, 0x00000000ff580000, 0x0000000100000000)
  eden space 349184K, 100% used [0x00000000e0000000,0x00000000f5500000,0x00000000f5500000)
  from space 83456K, 19% used [0x00000000fa400000,0x00000000fb397ba0,0x00000000ff580000)
  to   space 80896K, 0% used [0x00000000f5500000,0x00000000f5500000,0x00000000fa400000)
 ParOldGen       total 349184K, used 284772K [0x00000000a0000000, 0x00000000b5500000, 0x00000000e0000000)
  object space 349184K, 81% used [0x00000000a0000000,0x00000000b16192a8,0x00000000b5500000)
 Metaspace       used 118192K, capacity 124424K, committed 124504K, reserved 1157120K
  class space    used 15437K, capacity 16739K, committed 16768K, reserved 1048576K
Event: 44.047 GC heap after
Heap after GC invocations=39 (full 4):
 PSYoungGen      total 430080K, used 32396K [0x00000000e0000000, 0x00000000ff680000, 0x0000000100000000)
  eden space 349184K, 0% used [0x00000000e0000000,0x00000000e0000000,0x00000000f5500000)
  from space 80896K, 40% used [0x00000000f5500000,0x00000000f74a3058,0x00000000fa400000)
  to   space 77312K, 0% used [0x00000000fab00000,0x00000000fab00000,0x00000000ff680000)
 ParOldGen       total 349184K, used 297558K [0x00000000a0000000, 0x00000000b5500000, 0x00000000e0000000)
  object space 349184K, 85% used [0x00000000a0000000,0x00000000b2295b30,0x00000000b5500000)
 Metaspace       used 118192K, capacity 124424K, committed 124504K, reserved 1157120K
  class space    used 15437K, capacity 16739K, committed 16768K, reserved 1048576K
}
Event: 44.284 GC heap before
{Heap before GC invocations=40 (full 4):
 PSYoungGen      total 430080K, used 381580K [0x00000000e0000000, 0x00000000ff680000, 0x0000000100000000)
  eden space 349184K, 100% used [0x00000000e0000000,0x00000000f5500000,0x00000000f5500000)
  from space 80896K, 40% used [0x00000000f5500000,0x00000000f74a3058,0x00000000fa400000)
  to   space 77312K, 0% used [0x00000000fab00000,0x00000000fab00000,0x00000000ff680000)
 ParOldGen       total 349184K, used 297558K [0x00000000a0000000, 0x00000000b5500000, 0x00000000e0000000)
  object space 349184K, 85% used [0x00000000a0000000,0x00000000b2295b30,0x00000000b5500000)
 Metaspace       used 118209K, capacity 124488K, committed 124760K, reserved 1157120K
  class space    used 15437K, capacity 16739K, committed 16768K, reserved 1048576K
Event: 44.311 GC heap after
Heap after GC invocations=40 (full 4):
 PSYoungGen      total 439808K, used 21953K [0x00000000e0000000, 0x00000000ff580000, 0x0000000100000000)
  eden space 363520K, 0% used [0x00000000e0000000,0x00000000e0000000,0x00000000f6300000)
  from space 76288K, 28% used [0x00000000fab00000,0x00000000fc070778,0x00000000ff580000)
  to   space 73728K, 0% used [0x00000000f6300000,0x00000000f6300000,0x00000000fab00000)
 ParOldGen       total 349184K, used 326641K [0x00000000a0000000, 0x00000000b5500000, 0x00000000e0000000)
  object space 349184K, 93% used [0x00000000a0000000,0x00000000b3efc7e0,0x00000000b5500000)
 Metaspace       used 118209K, capacity 124488K, committed 124760K, reserved 1157120K
  class space    used 15437K, capacity 16739K, committed 16768K, reserved 1048576K
}
Event: 44.311 GC heap before
{Heap before GC invocations=41 (full 5):
 PSYoungGen      total 439808K, used 21953K [0x00000000e0000000, 0x00000000ff580000, 0x0000000100000000)
  eden space 363520K, 0% used [0x00000000e0000000,0x00000000e0000000,0x00000000f6300000)
  from space 76288K, 28% used [0x00000000fab00000,0x00000000fc070778,0x00000000ff580000)
  to   space 73728K, 0% used [0x00000000f6300000,0x00000000f6300000,0x00000000fab00000)
 ParOldGen       total 349184K, used 326641K [0x00000000a0000000, 0x00000000b5500000, 0x00000000e0000000)
  object space 349184K, 93% used [0x00000000a0000000,0x00000000b3efc7e0,0x00000000b5500000)
 Metaspace       used 118209K, capacity 124488K, committed 124760K, reserved 1157120K
  class space    used 15437K, capacity 16739K, committed 16768K, reserved 1048576K

Deoptimization events (10 events):
Event: 42.660 Thread 0x000000001abc4800 Uncommon trap: reason=class_check action=maybe_recompile pc=0x00000000075538b0 method=com.android.tools.r8.u.a.h.e.b(Lcom/android/tools/r8/u/b/d0;)V @ 379
Event: 42.759 Thread 0x0000000019af4800 Uncommon trap: reason=unstable_if action=reinterpret pc=0x000000000625cb58 method=com.android.tools.r8.graph.d0.a([C)I @ 68
Event: 42.841 Thread 0x0000000019aee000 Uncommon trap: reason=array_check action=maybe_recompile pc=0x0000000003592054 method=java.util.TimSort.mergeLo(IIII)V @ 590
Event: 42.900 Thread 0x0000000019af4800 Uncommon trap: reason=array_check action=maybe_recompile pc=0x0000000003592054 method=java.util.TimSort.mergeLo(IIII)V @ 590
Event: 43.252 Thread 0x0000000019af4800 Uncommon trap: reason=class_check action=maybe_recompile pc=0x0000000005d6f22c method=com.android.tools.r8.ir.optimize.k.a(Lcom/android/tools/r8/u/b/T;)V @ 176
Event: 43.464 Thread 0x0000000019af4800 Uncommon trap: reason=unstable_if action=reinterpret pc=0x000000000763b044 method=com.android.tools.r8.ir.optimize.Z.a(Lcom/android/tools/r8/u/b/T;Lcom/android/tools/r8/ir/regalloc/d;I)V @ 892
Event: 43.551 Thread 0x0000000019af1000 Uncommon trap: reason=unstable_if action=reinterpret pc=0x000000000723745c method=com.android.tools.r8.ir.optimize.h.i(Lcom/android/tools/r8/u/b/T;)V @ 145
Event: 43.945 Thread 0x0000000019af2800 Uncommon trap: reason=unstable_if action=reinterpret pc=0x0000000005680230 method=java.util.concurrent.ConcurrentHashMap.computeIfAbsent(Ljava/lang/Object;Ljava/util/function/Function;)Ljava/lang/Object; @ 281
Event: 43.970 Thread 0x0000000019af1000 Uncommon trap: reason=unstable_if action=reinterpret pc=0x0000000007665858 method=com.android.tools.r8.ir.regalloc.LinearScanRegisterAllocator.c(Lcom/android/tools/r8/ir/regalloc/a;)Z @ 95
Event: 44.059 Thread 0x0000000019af2000 Uncommon trap: reason=unstable_if action=reinterpret pc=0x00000000075dd8d4 method=com.android.tools.r8.ir.regalloc.g.a(ILcom/android/tools/r8/ir/regalloc/g$a;)Z @ 73

Internal exceptions (10 events):
Event: 43.676 Thread 0x000000001abc4800 Exception <a 'sun/nio/fs/WindowsException'> (0x00000000ed3b3120) thrown at [C:\re\workspace\8-2-build-windows-amd64-cygwin\jdk8u91\7017\hotspot\src\share\vm\prims\jni.cpp, line 709]
Event: 43.691 Thread 0x0000000019af2000 Exception <a 'sun/nio/fs/WindowsException'> (0x00000000ef1fdd00) thrown at [C:\re\workspace\8-2-build-windows-amd64-cygwin\jdk8u91\7017\hotspot\src\share\vm\prims\jni.cpp, line 709]
Event: 43.909 Thread 0x0000000019af2800 Exception <a 'sun/nio/fs/WindowsException'> (0x00000000eb809170) thrown at [C:\re\workspace\8-2-build-windows-amd64-cygwin\jdk8u91\7017\hotspot\src\share\vm\prims\jni.cpp, line 709]
Event: 43.940 Thread 0x0000000019aee000 Exception <a 'sun/nio/fs/WindowsException'> (0x00000000eb123e78) thrown at [C:\re\workspace\8-2-build-windows-amd64-cygwin\jdk8u91\7017\hotspot\src\share\vm\prims\jni.cpp, line 709]
Event: 43.985 Thread 0x0000000019aee000 Exception <a 'sun/nio/fs/WindowsException'> (0x00000000f256d938) thrown at [C:\re\workspace\8-2-build-windows-amd64-cygwin\jdk8u91\7017\hotspot\src\share\vm\prims\jni.cpp, line 709]
Event: 43.999 Thread 0x0000000019aee000 Exception <a 'sun/nio/fs/WindowsException'> (0x00000000f3a823b0) thrown at [C:\re\workspace\8-2-build-windows-amd64-cygwin\jdk8u91\7017\hotspot\src\share\vm\prims\jni.cpp, line 709]
Event: 44.128 Thread 0x0000000019aee000 Exception <a 'sun/nio/fs/WindowsException'> (0x00000000e6b77770) thrown at [C:\re\workspace\8-2-build-windows-amd64-cygwin\jdk8u91\7017\hotspot\src\share\vm\prims\jni.cpp, line 709]
Event: 44.192 Thread 0x0000000019aee000 Exception <a 'sun/nio/fs/WindowsException'> (0x00000000ebf0d250) thrown at [C:\re\workspace\8-2-build-windows-amd64-cygwin\jdk8u91\7017\hotspot\src\share\vm\prims\jni.cpp, line 709]
Event: 44.203 Thread 0x000000001abc4800 Exception <a 'sun/nio/fs/WindowsException'> (0x00000000ea734610) thrown at [C:\re\workspace\8-2-build-windows-amd64-cygwin\jdk8u91\7017\hotspot\src\share\vm\prims\jni.cpp, line 709]
Event: 44.251 Thread 0x0000000019aee000 Exception <a 'sun/nio/fs/WindowsException'> (0x00000000ee190168) thrown at [C:\re\workspace\8-2-build-windows-amd64-cygwin\jdk8u91\7017\hotspot\src\share\vm\prims\jni.cpp, line 709]

Events (10 events):
Event: 44.275 Thread 0x000000001abc4800 DEOPT UNPACKING pc=0x000000000343787f sp=0x000000001c7589d8 mode 0
Event: 44.277 Thread 0x0000000019aee000 DEOPT PACKING pc=0x0000000006934b20 sp=0x000000002715aa80
Event: 44.277 Thread 0x0000000019aee000 DEOPT UNPACKING pc=0x000000000343787f sp=0x000000002715a8c8 mode 0
Event: 44.278 Thread 0x000000001abc4800 DEOPT PACKING pc=0x0000000006aec20c sp=0x000000001c758c70
Event: 44.278 Thread 0x000000001abc4800 DEOPT UNPACKING pc=0x000000000343787f sp=0x000000001c7589d8 mode 0
Event: 44.281 Thread 0x0000000019af1000 DEOPT PACKING pc=0x0000000006afba6c sp=0x000000002745a980
Event: 44.281 Thread 0x0000000019af1000 DEOPT UNPACKING pc=0x000000000343787f sp=0x000000002745a868 mode 0
Event: 44.283 Thread 0x000000001abc4800 DEOPT PACKING pc=0x0000000006aec20c sp=0x000000001c758c70
Event: 44.283 Thread 0x000000001abc4800 DEOPT UNPACKING pc=0x000000000343787f sp=0x000000001c7589d8 mode 0
Event: 44.284 Executing VM operation: ParallelGCFailedAllocation


Dynamic libraries:
0x00007ff62a2d0000 - 0x00007ff62a307000 	C:\MySoft\1_develop\jdk\jdk_8u91\bin\java.exe
0x00007ff82c440000 - 0x00007ff82c630000 	C:\Windows\SYSTEM32\ntdll.dll
0x00007ff82b930000 - 0x00007ff82b9e2000 	C:\Windows\System32\KERNEL32.DLL
0x00007ff829970000 - 0x00007ff829c13000 	C:\Windows\System32\KERNELBASE.dll
0x00007ff82ae60000 - 0x00007ff82af03000 	C:\Windows\System32\ADVAPI32.dll
0x00007ff82afa0000 - 0x00007ff82b03e000 	C:\Windows\System32\msvcrt.dll
0x00007ff82b0b0000 - 0x00007ff82b147000 	C:\Windows\System32\sechost.dll
0x00007ff82a650000 - 0x00007ff82a770000 	C:\Windows\System32\RPCRT4.dll
0x00007ff82b790000 - 0x00007ff82b924000 	C:\Windows\System32\USER32.dll
0x00007ff8297a0000 - 0x00007ff8297c1000 	C:\Windows\System32\win32u.dll
0x00007ff82af10000 - 0x00007ff82af36000 	C:\Windows\System32\GDI32.dll
0x00007ff8297d0000 - 0x00007ff829964000 	C:\Windows\System32\gdi32full.dll
0x00007ff8294b0000 - 0x00007ff82954e000 	C:\Windows\System32\msvcp_win.dll
0x00007ff82a3a0000 - 0x00007ff82a49a000 	C:\Windows\System32\ucrtbase.dll
0x00007ff819d00000 - 0x00007ff819f85000 	C:\Windows\WinSxS\amd64_microsoft.windows.common-controls_6595b64144ccf1df_6.0.18362.720_none_e6beb5c51314836b\COMCTL32.dll
0x00007ff82b3a0000 - 0x00007ff82b6d6000 	C:\Windows\System32\combase.dll
0x00007ff8295b0000 - 0x00007ff829630000 	C:\Windows\System32\bcryptPrimitives.dll
0x00007ff82b1c0000 - 0x00007ff82b1ee000 	C:\Windows\System32\IMM32.DLL
0x0000000060420000 - 0x00000000604f2000 	C:\MySoft\1_develop\jdk\jdk_8u91\jre\bin\msvcr100.dll
0x000000005eec0000 - 0x000000005f753000 	C:\MySoft\1_develop\jdk\jdk_8u91\jre\bin\server\jvm.dll
0x00007ff82b2c0000 - 0x00007ff82b2c8000 	C:\Windows\System32\PSAPI.DLL
0x00007ff825b40000 - 0x00007ff825b49000 	C:\Windows\SYSTEM32\WSOCK32.dll
0x00007ff8233e0000 - 0x00007ff8233ea000 	C:\Windows\SYSTEM32\VERSION.dll
0x00007ff82c390000 - 0x00007ff82c3ff000 	C:\Windows\System32\WS2_32.dll
0x00007ff827320000 - 0x00007ff827344000 	C:\Windows\SYSTEM32\WINMM.dll
0x00007ff8272f0000 - 0x00007ff82731d000 	C:\Windows\SYSTEM32\winmmbase.dll
0x00007ff82a4a0000 - 0x00007ff82a4ea000 	C:\Windows\System32\cfgmgr32.dll
0x0000000060410000 - 0x000000006041f000 	C:\MySoft\1_develop\jdk\jdk_8u91\jre\bin\verify.dll
0x00000000603e0000 - 0x0000000060409000 	C:\MySoft\1_develop\jdk\jdk_8u91\jre\bin\java.dll
0x00000000603c0000 - 0x00000000603d6000 	C:\MySoft\1_develop\jdk\jdk_8u91\jre\bin\zip.dll
0x00007ff82a770000 - 0x00007ff82ae55000 	C:\Windows\System32\SHELL32.dll
0x00007ff82bbc0000 - 0x00007ff82bc69000 	C:\Windows\System32\shcore.dll
0x00007ff829c20000 - 0x00007ff82a3a0000 	C:\Windows\System32\windows.storage.dll
0x00007ff8293a0000 - 0x00007ff8293c3000 	C:\Windows\System32\profapi.dll
0x00007ff829350000 - 0x00007ff82939a000 	C:\Windows\System32\powrprof.dll
0x00007ff829300000 - 0x00007ff829310000 	C:\Windows\System32\UMPDC.dll
0x00007ff82b150000 - 0x00007ff82b1a2000 	C:\Windows\System32\shlwapi.dll
0x00007ff829330000 - 0x00007ff829341000 	C:\Windows\System32\kernel.appcore.dll
0x00007ff829630000 - 0x00007ff829647000 	C:\Windows\System32\cryptsp.dll
0x00000000603a0000 - 0x00000000603ba000 	C:\MySoft\1_develop\jdk\jdk_8u91\jre\bin\net.dll
0x00007ff828ae0000 - 0x00007ff828b47000 	C:\Windows\system32\mswsock.dll
0x0000000060380000 - 0x0000000060391000 	C:\MySoft\1_develop\jdk\jdk_8u91\jre\bin\nio.dll
0x00007ff80f5a0000 - 0x00007ff80f5c6000 	C:\Users\tongs\.gradle\native\30\windows-amd64\native-platform.dll
0x0000000060370000 - 0x000000006037d000 	C:\MySoft\1_develop\jdk\jdk_8u91\jre\bin\management.dll
0x00007ff828650000 - 0x00007ff828683000 	C:\Windows\system32\rsaenh.dll
0x00007ff829480000 - 0x00007ff8294a6000 	C:\Windows\System32\bcrypt.dll
0x00007ff829220000 - 0x00007ff829245000 	C:\Windows\SYSTEM32\USERENV.dll
0x00007ff828cb0000 - 0x00007ff828cbc000 	C:\Windows\SYSTEM32\CRYPTBASE.dll
0x00007ff8287f0000 - 0x00007ff82882a000 	C:\Windows\SYSTEM32\IPHLPAPI.DLL
0x00007ff82b040000 - 0x00007ff82b048000 	C:\Windows\System32\NSI.dll
0x00007ff8233a0000 - 0x00007ff8233b6000 	C:\Windows\SYSTEM32\dhcpcsvc6.DLL
0x00007ff822ad0000 - 0x00007ff822aec000 	C:\Windows\SYSTEM32\dhcpcsvc.DLL
0x00007ff828830000 - 0x00007ff8288fa000 	C:\Windows\SYSTEM32\DNSAPI.dll
0x00007ff828330000 - 0x00007ff828361000 	C:\Windows\SYSTEM32\ntmarta.dll
0x000000005e8e0000 - 0x000000005ea78000 	C:\MySoft\1_develop\jdk\jdk_8u91\jre\bin\awt.dll
0x00007ff82b2d0000 - 0x00007ff82b394000 	C:\Windows\System32\OLEAUT32.dll
0x00007ff827550000 - 0x00007ff8275df000 	C:\Windows\SYSTEM32\apphelp.dll
0x00007ff827a70000 - 0x00007ff827a9d000 	C:\Windows\system32\DWMAPI.DLL
0x00007ff827650000 - 0x00007ff8276e9000 	C:\Windows\system32\uxtheme.dll
0x0000000060340000 - 0x000000006036a000 	C:\MySoft\1_develop\jdk\jdk_8u91\jre\bin\dcpr.dll
0x00007ff80fae0000 - 0x00007ff80fafe000 	C:\Users\tongs\AppData\Local\Temp\native-platform284338885059708449dir\native-platform.dll
0x00007ff805c90000 - 0x00007ff805e84000 	C:\Windows\SYSTEM32\dbghelp.dll

VM Arguments:
jvm_args: -Xmx1536m -Dfile.encoding=GBK -Duser.country=CN -Duser.language=zh -Duser.variant 
java_command: org.gradle.launcher.daemon.bootstrap.GradleDaemon 5.6.4
java_class_path (initial): C:\Users\tongs\.gradle\wrapper\dists\gradle-5.6.4-all\ankdp27end7byghfw1q2sw75f\gradle-5.6.4\lib\gradle-launcher-5.6.4.jar
Launcher Type: SUN_STANDARD

Environment Variables:
JAVA_HOME=C:\MySoft\1_develop\jdk\jdk_8u91
CLASSPATH=D:\02.AndroidStudy\00.UploadGithub\ktBaseLibrary\\gradle\wrapper\gradle-wrapper.jar
PATH=C:\ProgramData\Oracle\Java\javapath;C:\Windows\system32;C:\Windows;C:\Windows\System32\Wbem;C:\Windows\System32\WindowsPowerShell\v1.0\;C:\Windows\System32\OpenSSH\;C:\MySoft\1_develop\Git\cmd;C:\MySoft\1_develop\jdk\jdk_8u91;C:\MySoft\1_develop\jdk\jdk_8u91\bin;C:\MySoft\1_develop\jdk\jdk_8u91\jre;C:\MySoft\1_develop\jdk\jdk_8u91\lib\tools.jar;C:\MySoft\1_develop\jdk\jdk_8u91\lib\dt.jar;C:\MySoft\1_develop\sdk\platform-tools;C:\Users\tongs\AppData\Local\Microsoft\WindowsApps;
USERNAME=tongs
OS=Windows_NT
PROCESSOR_IDENTIFIER=Intel64 Family 6 Model 158 Stepping 10, GenuineIntel



---------------  S Y S T E M  ---------------

OS: Windows 10.0 , 64 bit Build 18362 (10.0.18362.329)

CPU:total 6 (6 cores per cpu, 1 threads per core) family 6 model 158 stepping 10, cmov, cx8, fxsr, mmx, sse, sse2, sse3, ssse3, sse4.1, sse4.2, popcnt, avx, avx2, aes, clmul, erms, rtm, 3dnowpref, lzcnt, tsc, tscinvbit, bmi1, bmi2, adx

Memory: 4k page, physical 16608760k(9177908k free), swap 19623416k(11220372k free)

vm_info: Java HotSpot(TM) 64-Bit Server VM (25.91-b15) for windows-amd64 JRE (1.8.0_91-b15), built on May 20 2016 17:43:15 by "java_re" with MS VC++ 10.0 (VS2010)

time: Wed Apr 15 09:51:35 2020
elapsed time: 44 seconds (0d 0h 0m 44s)

